[2024-08-15T05:53:20.926+0000] {taskinstance.py:1157} INFO - Dependencies all met for dep_context=non-requeueable deps ti=<TaskInstance: postgres_to_bigquery_etl.process_olist_sellers.load_olist_sellers_to_gcs manual__2024-08-15T04:06:26.658756+00:00 [queued]>
[2024-08-15T05:53:20.948+0000] {taskinstance.py:1157} INFO - Dependencies all met for dep_context=requeueable deps ti=<TaskInstance: postgres_to_bigquery_etl.process_olist_sellers.load_olist_sellers_to_gcs manual__2024-08-15T04:06:26.658756+00:00 [queued]>
[2024-08-15T05:53:20.949+0000] {taskinstance.py:1359} INFO - Starting attempt 2 of 5
[2024-08-15T05:53:21.011+0000] {taskinstance.py:1380} INFO - Executing <Task(PostgresToGCSOperator): process_olist_sellers.load_olist_sellers_to_gcs> on 2024-08-15 04:06:26.658756+00:00
[2024-08-15T05:53:21.022+0000] {standard_task_runner.py:57} INFO - Started process 35312 to run task
[2024-08-15T05:53:21.029+0000] {standard_task_runner.py:84} INFO - Running: ['***', 'tasks', 'run', 'postgres_to_bigquery_etl', 'process_olist_sellers.load_olist_sellers_to_gcs', 'manual__2024-08-15T04:06:26.658756+00:00', '--job-id', '621', '--raw', '--subdir', 'DAGS_FOLDER/extract_from_pg.py', '--cfg-path', '/tmp/tmp64p23vex']
[2024-08-15T05:53:21.033+0000] {standard_task_runner.py:85} INFO - Job 621: Subtask process_olist_sellers.load_olist_sellers_to_gcs
[2024-08-15T05:53:21.138+0000] {task_command.py:415} INFO - Running <TaskInstance: postgres_to_bigquery_etl.process_olist_sellers.load_olist_sellers_to_gcs manual__2024-08-15T04:06:26.658756+00:00 [running]> on host d81d956e7878
[2024-08-15T05:53:21.294+0000] {warnings.py:109} WARNING - /home/***/.local/lib/python3.8/site-packages/***/utils/context.py:206: AirflowContextDeprecationWarning: Accessing 'execution_date' from the template is deprecated and will be removed in a future version. Please use 'data_interval_start' or 'logical_date' instead.
  warnings.warn(_create_deprecation_warning(key, self._deprecation_replacements[key]))

[2024-08-15T05:53:21.353+0000] {taskinstance.py:1660} INFO - Exporting env vars: AIRFLOW_CTX_DAG_OWNER='***' AIRFLOW_CTX_DAG_ID='postgres_to_bigquery_etl' AIRFLOW_CTX_TASK_ID='process_olist_sellers.load_olist_sellers_to_gcs' AIRFLOW_CTX_EXECUTION_DATE='2024-08-15T04:06:26.658756+00:00' AIRFLOW_CTX_TRY_NUMBER='2' AIRFLOW_CTX_DAG_RUN_ID='manual__2024-08-15T04:06:26.658756+00:00'
[2024-08-15T05:53:21.355+0000] {sql_to_gcs.py:161} INFO - Executing query
[2024-08-15T05:53:21.380+0000] {base.py:73} INFO - Using connection ID 'source_postgres_db' for task execution.
[2024-08-15T05:53:21.400+0000] {sql_to_gcs.py:180} INFO - Writing local data files
[2024-08-15T05:53:21.604+0000] {sql_to_gcs.py:186} INFO - Uploading chunk file #0 to GCS.
[2024-08-15T05:53:21.614+0000] {connection.py:232} WARNING - Connection schemes (type: google_cloud_platform) shall not contain '_' according to RFC3986.
[2024-08-15T05:53:21.619+0000] {base.py:73} INFO - Using connection ID 'google_cloud_default' for task execution.
[2024-08-15T05:53:37.654+0000] {gcs.py:564} INFO - File /tmp/tmpfmt8b0m9 uploaded to data/olist_sellers_20240815_040626.json in stg-olist-ecommerce-dataset2 bucket
[2024-08-15T05:53:37.654+0000] {sql_to_gcs.py:189} INFO - Removing local file
[2024-08-15T05:53:37.748+0000] {taskinstance.py:1398} INFO - Marking task as SUCCESS. dag_id=postgres_to_bigquery_etl, task_id=process_olist_sellers.load_olist_sellers_to_gcs, execution_date=20240815T040626, start_date=20240815T055320, end_date=20240815T055337
[2024-08-15T05:53:37.837+0000] {local_task_job_runner.py:228} INFO - Task exited with return code 0
[2024-08-15T05:53:37.889+0000] {taskinstance.py:2776} INFO - 1 downstream tasks scheduled from follow-on schedule check
