[2024-08-17T19:10:22.204+0000] {taskinstance.py:1157} INFO - Dependencies all met for dep_context=non-requeueable deps ti=<TaskInstance: postgres_to_bigquery_etl.process_olist_orders.load_olist_orders_to_gcs manual__2024-08-17T19:09:55.908657+00:00 [queued]>
[2024-08-17T19:10:22.228+0000] {taskinstance.py:1157} INFO - Dependencies all met for dep_context=requeueable deps ti=<TaskInstance: postgres_to_bigquery_etl.process_olist_orders.load_olist_orders_to_gcs manual__2024-08-17T19:09:55.908657+00:00 [queued]>
[2024-08-17T19:10:22.229+0000] {taskinstance.py:1359} INFO - Starting attempt 1 of 4
[2024-08-17T19:10:22.702+0000] {taskinstance.py:1380} INFO - Executing <Task(PostgresToGCSOperator): process_olist_orders.load_olist_orders_to_gcs> on 2024-08-17 19:09:55.908657+00:00
[2024-08-17T19:10:22.769+0000] {standard_task_runner.py:57} INFO - Started process 615 to run task
[2024-08-17T19:10:22.825+0000] {standard_task_runner.py:84} INFO - Running: ['***', 'tasks', 'run', 'postgres_to_bigquery_etl', 'process_olist_orders.load_olist_orders_to_gcs', 'manual__2024-08-17T19:09:55.908657+00:00', '--job-id', '755', '--raw', '--subdir', 'DAGS_FOLDER/extract_from_pg.py', '--cfg-path', '/tmp/tmppshd14mf']
[2024-08-17T19:10:22.870+0000] {standard_task_runner.py:85} INFO - Job 755: Subtask process_olist_orders.load_olist_orders_to_gcs
[2024-08-17T19:10:23.460+0000] {task_command.py:415} INFO - Running <TaskInstance: postgres_to_bigquery_etl.process_olist_orders.load_olist_orders_to_gcs manual__2024-08-17T19:09:55.908657+00:00 [running]> on host c04129f4379c
[2024-08-17T19:10:24.628+0000] {warnings.py:109} WARNING - /home/***/.local/lib/python3.8/site-packages/***/utils/context.py:206: AirflowContextDeprecationWarning: Accessing 'execution_date' from the template is deprecated and will be removed in a future version. Please use 'data_interval_start' or 'logical_date' instead.
  warnings.warn(_create_deprecation_warning(key, self._deprecation_replacements[key]))

[2024-08-17T19:10:25.234+0000] {taskinstance.py:1660} INFO - Exporting env vars: AIRFLOW_CTX_DAG_OWNER='***' AIRFLOW_CTX_DAG_ID='postgres_to_bigquery_etl' AIRFLOW_CTX_TASK_ID='process_olist_orders.load_olist_orders_to_gcs' AIRFLOW_CTX_EXECUTION_DATE='2024-08-17T19:09:55.908657+00:00' AIRFLOW_CTX_TRY_NUMBER='1' AIRFLOW_CTX_DAG_RUN_ID='manual__2024-08-17T19:09:55.908657+00:00'
[2024-08-17T19:10:25.279+0000] {sql_to_gcs.py:161} INFO - Executing query
[2024-08-17T19:10:26.503+0000] {base.py:73} INFO - Using connection ID 'source_postgres_db' for task execution.
[2024-08-17T19:10:28.596+0000] {sql_to_gcs.py:180} INFO - Writing local data files
[2024-08-17T19:11:15.901+0000] {sql_to_gcs.py:186} INFO - Uploading chunk file #0 to GCS.
[2024-08-17T19:11:15.967+0000] {connection.py:232} WARNING - Connection schemes (type: google_cloud_platform) shall not contain '_' according to RFC3986.
[2024-08-17T19:11:16.000+0000] {base.py:73} INFO - Using connection ID 'google_cloud_default' for task execution.
[2024-08-17T19:11:36.291+0000] {gcs.py:564} INFO - File /tmp/tmpfw_7h1f8 uploaded to data/olist_orders_20240817_190955.json in stg-olist-ecommerce-dataset bucket
[2024-08-17T19:11:36.294+0000] {sql_to_gcs.py:189} INFO - Removing local file
[2024-08-17T19:11:36.402+0000] {taskinstance.py:1398} INFO - Marking task as SUCCESS. dag_id=postgres_to_bigquery_etl, task_id=process_olist_orders.load_olist_orders_to_gcs, execution_date=20240817T190955, start_date=20240817T191022, end_date=20240817T191136
[2024-08-17T19:11:36.520+0000] {local_task_job_runner.py:228} INFO - Task exited with return code 0
[2024-08-17T19:11:36.594+0000] {taskinstance.py:2776} INFO - 1 downstream tasks scheduled from follow-on schedule check
