[2024-08-15T04:06:59.806+0000] {taskinstance.py:1157} INFO - Dependencies all met for dep_context=non-requeueable deps ti=<TaskInstance: postgres_to_bigquery_etl.process_olist_order_payments.load_olist_order_payments_to_gcs manual__2024-08-15T04:06:26.658756+00:00 [queued]>
[2024-08-15T04:06:59.885+0000] {taskinstance.py:1157} INFO - Dependencies all met for dep_context=requeueable deps ti=<TaskInstance: postgres_to_bigquery_etl.process_olist_order_payments.load_olist_order_payments_to_gcs manual__2024-08-15T04:06:26.658756+00:00 [queued]>
[2024-08-15T04:06:59.891+0000] {taskinstance.py:1359} INFO - Starting attempt 1 of 4
[2024-08-15T04:07:00.099+0000] {taskinstance.py:1380} INFO - Executing <Task(PostgresToGCSOperator): process_olist_order_payments.load_olist_order_payments_to_gcs> on 2024-08-15 04:06:26.658756+00:00
[2024-08-15T04:07:00.131+0000] {standard_task_runner.py:57} INFO - Started process 33926 to run task
[2024-08-15T04:07:00.166+0000] {standard_task_runner.py:84} INFO - Running: ['***', 'tasks', 'run', 'postgres_to_bigquery_etl', 'process_olist_order_payments.load_olist_order_payments_to_gcs', 'manual__2024-08-15T04:06:26.658756+00:00', '--job-id', '583', '--raw', '--subdir', 'DAGS_FOLDER/extract_from_pg.py', '--cfg-path', '/tmp/tmpugdwbkv7']
[2024-08-15T04:07:00.183+0000] {standard_task_runner.py:85} INFO - Job 583: Subtask process_olist_order_payments.load_olist_order_payments_to_gcs
[2024-08-15T04:07:01.112+0000] {task_command.py:415} INFO - Running <TaskInstance: postgres_to_bigquery_etl.process_olist_order_payments.load_olist_order_payments_to_gcs manual__2024-08-15T04:06:26.658756+00:00 [running]> on host d81d956e7878
[2024-08-15T04:07:02.386+0000] {warnings.py:109} WARNING - /home/***/.local/lib/python3.8/site-packages/***/utils/context.py:206: AirflowContextDeprecationWarning: Accessing 'execution_date' from the template is deprecated and will be removed in a future version. Please use 'data_interval_start' or 'logical_date' instead.
  warnings.warn(_create_deprecation_warning(key, self._deprecation_replacements[key]))

[2024-08-15T04:07:03.263+0000] {taskinstance.py:1660} INFO - Exporting env vars: AIRFLOW_CTX_DAG_OWNER='***' AIRFLOW_CTX_DAG_ID='postgres_to_bigquery_etl' AIRFLOW_CTX_TASK_ID='process_olist_order_payments.load_olist_order_payments_to_gcs' AIRFLOW_CTX_EXECUTION_DATE='2024-08-15T04:06:26.658756+00:00' AIRFLOW_CTX_TRY_NUMBER='1' AIRFLOW_CTX_DAG_RUN_ID='manual__2024-08-15T04:06:26.658756+00:00'
[2024-08-15T04:07:03.272+0000] {sql_to_gcs.py:161} INFO - Executing query
[2024-08-15T04:07:03.370+0000] {base.py:73} INFO - Using connection ID 'source_postgres_db' for task execution.
[2024-08-15T04:07:04.642+0000] {sql_to_gcs.py:180} INFO - Writing local data files
[2024-08-15T04:08:00.668+0000] {sql_to_gcs.py:186} INFO - Uploading chunk file #0 to GCS.
[2024-08-15T04:08:00.698+0000] {connection.py:232} WARNING - Connection schemes (type: google_cloud_platform) shall not contain '_' according to RFC3986.
[2024-08-15T04:08:00.706+0000] {base.py:73} INFO - Using connection ID 'google_cloud_default' for task execution.
[2024-08-15T04:08:47.227+0000] {gcs.py:564} INFO - File /tmp/tmpnxgmp72d uploaded to data/olist_order_payments_20240815_040626.json in stg-olist-ecommerce-dataset2 bucket
[2024-08-15T04:08:47.283+0000] {sql_to_gcs.py:189} INFO - Removing local file
[2024-08-15T04:08:47.480+0000] {taskinstance.py:1398} INFO - Marking task as SUCCESS. dag_id=postgres_to_bigquery_etl, task_id=process_olist_order_payments.load_olist_order_payments_to_gcs, execution_date=20240815T040626, start_date=20240815T040659, end_date=20240815T040847
[2024-08-15T04:08:47.766+0000] {local_task_job_runner.py:228} INFO - Task exited with return code 0
[2024-08-15T04:08:47.840+0000] {taskinstance.py:2776} INFO - 1 downstream tasks scheduled from follow-on schedule check
