[2024-08-14T19:24:35.550+0000] {taskinstance.py:1157} INFO - Dependencies all met for dep_context=non-requeueable deps ti=<TaskInstance: postgres_to_bigquery_etl.process_product_category_name_translation.load_product_category_name_translation_to_gcs manual__2024-08-14T19:20:39.229117+00:00 [queued]>
[2024-08-14T19:24:35.573+0000] {taskinstance.py:1157} INFO - Dependencies all met for dep_context=requeueable deps ti=<TaskInstance: postgres_to_bigquery_etl.process_product_category_name_translation.load_product_category_name_translation_to_gcs manual__2024-08-14T19:20:39.229117+00:00 [queued]>
[2024-08-14T19:24:35.574+0000] {taskinstance.py:1359} INFO - Starting attempt 1 of 4
[2024-08-14T19:24:35.684+0000] {taskinstance.py:1380} INFO - Executing <Task(PostgresToGCSOperator): process_product_category_name_translation.load_product_category_name_translation_to_gcs> on 2024-08-14 19:20:39.229117+00:00
[2024-08-14T19:24:35.695+0000] {standard_task_runner.py:57} INFO - Started process 26480 to run task
[2024-08-14T19:24:35.703+0000] {standard_task_runner.py:84} INFO - Running: ['***', 'tasks', 'run', 'postgres_to_bigquery_etl', 'process_product_category_name_translation.load_product_category_name_translation_to_gcs', 'manual__2024-08-14T19:20:39.229117+00:00', '--job-id', '530', '--raw', '--subdir', 'DAGS_FOLDER/extract_from_pg.py', '--cfg-path', '/tmp/tmp_yjxn2bt']
[2024-08-14T19:24:35.709+0000] {standard_task_runner.py:85} INFO - Job 530: Subtask process_product_category_name_translation.load_product_category_name_translation_to_gcs
[2024-08-14T19:24:35.837+0000] {task_command.py:415} INFO - Running <TaskInstance: postgres_to_bigquery_etl.process_product_category_name_translation.load_product_category_name_translation_to_gcs manual__2024-08-14T19:20:39.229117+00:00 [running]> on host d81d956e7878
[2024-08-14T19:24:35.984+0000] {warnings.py:109} WARNING - /home/***/.local/lib/python3.8/site-packages/***/utils/context.py:206: AirflowContextDeprecationWarning: Accessing 'execution_date' from the template is deprecated and will be removed in a future version. Please use 'data_interval_start' or 'logical_date' instead.
  warnings.warn(_create_deprecation_warning(key, self._deprecation_replacements[key]))

[2024-08-14T19:24:36.252+0000] {taskinstance.py:1660} INFO - Exporting env vars: AIRFLOW_CTX_DAG_OWNER='***' AIRFLOW_CTX_DAG_ID='postgres_to_bigquery_etl' AIRFLOW_CTX_TASK_ID='process_product_category_name_translation.load_product_category_name_translation_to_gcs' AIRFLOW_CTX_EXECUTION_DATE='2024-08-14T19:20:39.229117+00:00' AIRFLOW_CTX_TRY_NUMBER='1' AIRFLOW_CTX_DAG_RUN_ID='manual__2024-08-14T19:20:39.229117+00:00'
[2024-08-14T19:24:36.254+0000] {sql_to_gcs.py:161} INFO - Executing query
[2024-08-14T19:24:36.285+0000] {base.py:73} INFO - Using connection ID 'source_postgres_db' for task execution.
[2024-08-14T19:24:36.293+0000] {sql_to_gcs.py:180} INFO - Writing local data files
[2024-08-14T19:24:36.299+0000] {sql_to_gcs.py:186} INFO - Uploading chunk file #0 to GCS.
[2024-08-14T19:24:36.308+0000] {connection.py:232} WARNING - Connection schemes (type: google_cloud_platform) shall not contain '_' according to RFC3986.
[2024-08-14T19:24:36.312+0000] {base.py:73} INFO - Using connection ID 'google_cloud_default' for task execution.
[2024-08-14T19:24:39.911+0000] {gcs.py:564} INFO - File /tmp/tmp_jqs5ml1 uploaded to data/product_category_name_translation_20240814_192039.json in stg-olist-ecommerce-dataset2 bucket
[2024-08-14T19:24:39.911+0000] {sql_to_gcs.py:189} INFO - Removing local file
[2024-08-14T19:24:41.226+0000] {taskinstance.py:1398} INFO - Marking task as SUCCESS. dag_id=postgres_to_bigquery_etl, task_id=process_product_category_name_translation.load_product_category_name_translation_to_gcs, execution_date=20240814T192039, start_date=20240814T192435, end_date=20240814T192441
[2024-08-14T19:24:41.355+0000] {local_task_job_runner.py:228} INFO - Task exited with return code 0
[2024-08-14T19:24:41.416+0000] {taskinstance.py:2776} INFO - 1 downstream tasks scheduled from follow-on schedule check
