[2024-08-20T06:04:44.753+0000] {processor.py:157} INFO - Started process (PID=1733) to work on /opt/airflow/dags/extract_from_pg.py
[2024-08-20T06:04:44.754+0000] {processor.py:829} INFO - Processing file /opt/airflow/dags/extract_from_pg.py for tasks to queue
[2024-08-20T06:04:44.759+0000] {logging_mixin.py:151} INFO - [2024-08-20T06:04:44.758+0000] {dagbag.py:539} INFO - Filling up the DagBag from /opt/airflow/dags/extract_from_pg.py
[2024-08-20T06:04:44.800+0000] {logging_mixin.py:151} WARNING - /home/airflow/.local/lib/python3.8/site-packages/airflow/models/baseoperator.py:437 AirflowProviderDeprecationWarning: `exists_ok` parameter is deprecated, please use `if_exists`
[2024-08-20T06:04:44.826+0000] {processor.py:839} INFO - DAG(s) dict_keys(['postgres_to_bigquery_etl']) retrieved from /opt/airflow/dags/extract_from_pg.py
[2024-08-20T06:05:08.142+0000] {logging_mixin.py:151} INFO - [2024-08-20T06:05:08.141+0000] {security.py:708} INFO - Not syncing DAG-level permissions for DAG 'DAG:postgres_to_bigquery_etl' as access control is unset.
[2024-08-20T06:05:08.143+0000] {logging_mixin.py:151} INFO - [2024-08-20T06:05:08.142+0000] {dag.py:2915} INFO - Sync 1 DAGs
[2024-08-20T06:05:08.174+0000] {logging_mixin.py:151} INFO - [2024-08-20T06:05:08.174+0000] {dag.py:3696} INFO - Setting next_dagrun for postgres_to_bigquery_etl to None, run_after=None
[2024-08-20T06:05:08.321+0000] {processor.py:179} INFO - Processing /opt/airflow/dags/extract_from_pg.py took 23.575 seconds
[2024-08-20T06:05:38.551+0000] {processor.py:157} INFO - Started process (PID=1741) to work on /opt/airflow/dags/extract_from_pg.py
[2024-08-20T06:05:39.173+0000] {processor.py:829} INFO - Processing file /opt/airflow/dags/extract_from_pg.py for tasks to queue
[2024-08-20T06:05:39.180+0000] {logging_mixin.py:151} INFO - [2024-08-20T06:05:39.179+0000] {dagbag.py:539} INFO - Filling up the DagBag from /opt/airflow/dags/extract_from_pg.py
[2024-08-20T06:05:39.281+0000] {logging_mixin.py:151} WARNING - /home/airflow/.local/lib/python3.8/site-packages/airflow/models/baseoperator.py:437 AirflowProviderDeprecationWarning: `exists_ok` parameter is deprecated, please use `if_exists`
[2024-08-20T06:05:39.321+0000] {processor.py:839} INFO - DAG(s) dict_keys(['postgres_to_bigquery_etl']) retrieved from /opt/airflow/dags/extract_from_pg.py
[2024-08-20T06:05:39.400+0000] {logging_mixin.py:151} INFO - [2024-08-20T06:05:39.399+0000] {dag.py:2915} INFO - Sync 1 DAGs
[2024-08-20T06:05:39.460+0000] {logging_mixin.py:151} INFO - [2024-08-20T06:05:39.459+0000] {dag.py:3696} INFO - Setting next_dagrun for postgres_to_bigquery_etl to None, run_after=None
[2024-08-20T06:05:39.701+0000] {processor.py:179} INFO - Processing /opt/airflow/dags/extract_from_pg.py took 1.155 seconds
[2024-08-20T06:06:11.731+0000] {processor.py:157} INFO - Started process (PID=1749) to work on /opt/airflow/dags/extract_from_pg.py
[2024-08-20T06:06:11.913+0000] {processor.py:829} INFO - Processing file /opt/airflow/dags/extract_from_pg.py for tasks to queue
[2024-08-20T06:06:12.561+0000] {logging_mixin.py:151} INFO - [2024-08-20T06:06:12.509+0000] {dagbag.py:539} INFO - Filling up the DagBag from /opt/airflow/dags/extract_from_pg.py
[2024-08-20T06:06:14.260+0000] {logging_mixin.py:151} WARNING - /home/airflow/.local/lib/python3.8/site-packages/airflow/models/baseoperator.py:437 AirflowProviderDeprecationWarning: `exists_ok` parameter is deprecated, please use `if_exists`
[2024-08-20T06:06:14.909+0000] {processor.py:839} INFO - DAG(s) dict_keys(['postgres_to_bigquery_etl']) retrieved from /opt/airflow/dags/extract_from_pg.py
[2024-08-20T06:06:16.510+0000] {logging_mixin.py:151} INFO - [2024-08-20T06:06:16.470+0000] {dag.py:2915} INFO - Sync 1 DAGs
[2024-08-20T06:06:17.129+0000] {logging_mixin.py:151} INFO - [2024-08-20T06:06:17.129+0000] {dag.py:3696} INFO - Setting next_dagrun for postgres_to_bigquery_etl to None, run_after=None
[2024-08-20T06:06:17.493+0000] {processor.py:179} INFO - Processing /opt/airflow/dags/extract_from_pg.py took 6.394 seconds
