[2024-08-17T18:55:15.782+0000] {taskinstance.py:1157} INFO - Dependencies all met for dep_context=non-requeueable deps ti=<TaskInstance: postgres_to_bigquery_etl.process_olist_orders.load_olist_orders_to_gcs manual__2024-08-17T18:47:43.984846+00:00 [queued]>
[2024-08-17T18:55:15.818+0000] {taskinstance.py:1157} INFO - Dependencies all met for dep_context=requeueable deps ti=<TaskInstance: postgres_to_bigquery_etl.process_olist_orders.load_olist_orders_to_gcs manual__2024-08-17T18:47:43.984846+00:00 [queued]>
[2024-08-17T18:55:15.819+0000] {taskinstance.py:1359} INFO - Starting attempt 2 of 4
[2024-08-17T18:55:15.858+0000] {taskinstance.py:1380} INFO - Executing <Task(PostgresToGCSOperator): process_olist_orders.load_olist_orders_to_gcs> on 2024-08-17 18:47:43.984846+00:00
[2024-08-17T18:55:15.872+0000] {standard_task_runner.py:57} INFO - Started process 360 to run task
[2024-08-17T18:55:15.879+0000] {standard_task_runner.py:84} INFO - Running: ['***', 'tasks', 'run', 'postgres_to_bigquery_etl', 'process_olist_orders.load_olist_orders_to_gcs', 'manual__2024-08-17T18:47:43.984846+00:00', '--job-id', '745', '--raw', '--subdir', 'DAGS_FOLDER/extract_from_pg.py', '--cfg-path', '/tmp/tmp81bwv4jl']
[2024-08-17T18:55:15.884+0000] {standard_task_runner.py:85} INFO - Job 745: Subtask process_olist_orders.load_olist_orders_to_gcs
[2024-08-17T18:55:16.003+0000] {task_command.py:415} INFO - Running <TaskInstance: postgres_to_bigquery_etl.process_olist_orders.load_olist_orders_to_gcs manual__2024-08-17T18:47:43.984846+00:00 [running]> on host c04129f4379c
[2024-08-17T18:55:16.163+0000] {warnings.py:109} WARNING - /home/***/.local/lib/python3.8/site-packages/***/utils/context.py:206: AirflowContextDeprecationWarning: Accessing 'execution_date' from the template is deprecated and will be removed in a future version. Please use 'data_interval_start' or 'logical_date' instead.
  warnings.warn(_create_deprecation_warning(key, self._deprecation_replacements[key]))

[2024-08-17T18:55:16.242+0000] {taskinstance.py:1660} INFO - Exporting env vars: AIRFLOW_CTX_DAG_OWNER='***' AIRFLOW_CTX_DAG_ID='postgres_to_bigquery_etl' AIRFLOW_CTX_TASK_ID='process_olist_orders.load_olist_orders_to_gcs' AIRFLOW_CTX_EXECUTION_DATE='2024-08-17T18:47:43.984846+00:00' AIRFLOW_CTX_TRY_NUMBER='2' AIRFLOW_CTX_DAG_RUN_ID='manual__2024-08-17T18:47:43.984846+00:00'
[2024-08-17T18:55:16.244+0000] {sql_to_gcs.py:161} INFO - Executing query
[2024-08-17T18:55:16.276+0000] {base.py:73} INFO - Using connection ID 'source_postgres_db' for task execution.
[2024-08-17T18:55:16.896+0000] {sql_to_gcs.py:180} INFO - Writing local data files
[2024-08-17T18:55:37.983+0000] {sql_to_gcs.py:186} INFO - Uploading chunk file #0 to GCS.
[2024-08-17T18:55:38.013+0000] {connection.py:232} WARNING - Connection schemes (type: google_cloud_platform) shall not contain '_' according to RFC3986.
[2024-08-17T18:55:38.019+0000] {base.py:73} INFO - Using connection ID 'google_cloud_default' for task execution.
[2024-08-17T18:56:02.976+0000] {gcs.py:564} INFO - File /tmp/tmpml7aqac6 uploaded to data/olist_orders_20240817_184743.json in stg-olist-ecommerce-dataset bucket
[2024-08-17T18:56:02.977+0000] {sql_to_gcs.py:189} INFO - Removing local file
[2024-08-17T18:56:03.073+0000] {taskinstance.py:1398} INFO - Marking task as SUCCESS. dag_id=postgres_to_bigquery_etl, task_id=process_olist_orders.load_olist_orders_to_gcs, execution_date=20240817T184743, start_date=20240817T185515, end_date=20240817T185603
[2024-08-17T18:56:03.158+0000] {local_task_job_runner.py:228} INFO - Task exited with return code 0
[2024-08-17T18:56:03.252+0000] {taskinstance.py:2776} INFO - 1 downstream tasks scheduled from follow-on schedule check
