[2024-08-13T21:25:13.994+0000] {processor.py:157} INFO - Started process (PID=24624) to work on /opt/airflow/dags/extract_from_pg.py
[2024-08-13T21:25:13.996+0000] {processor.py:829} INFO - Processing file /opt/airflow/dags/extract_from_pg.py for tasks to queue
[2024-08-13T21:25:13.998+0000] {logging_mixin.py:151} INFO - [2024-08-13T21:25:13.997+0000] {dagbag.py:539} INFO - Filling up the DagBag from /opt/airflow/dags/extract_from_pg.py
[2024-08-13T21:25:14.044+0000] {logging_mixin.py:151} WARNING - /home/airflow/.local/lib/python3.8/site-packages/airflow/models/baseoperator.py:437 AirflowProviderDeprecationWarning: `exists_ok` parameter is deprecated, please use `if_exists`
[2024-08-13T21:25:14.084+0000] {processor.py:839} INFO - DAG(s) dict_keys(['postgres_to_bigquery_etl']) retrieved from /opt/airflow/dags/extract_from_pg.py
[2024-08-13T21:25:14.172+0000] {logging_mixin.py:151} INFO - [2024-08-13T21:25:14.171+0000] {dag.py:2915} INFO - Sync 1 DAGs
[2024-08-13T21:25:14.404+0000] {processor.py:179} INFO - Processing /opt/airflow/dags/extract_from_pg.py took 0.417 seconds
[2024-08-13T21:25:44.632+0000] {processor.py:157} INFO - Started process (PID=24632) to work on /opt/airflow/dags/extract_from_pg.py
[2024-08-13T21:25:44.634+0000] {processor.py:829} INFO - Processing file /opt/airflow/dags/extract_from_pg.py for tasks to queue
[2024-08-13T21:25:44.638+0000] {logging_mixin.py:151} INFO - [2024-08-13T21:25:44.638+0000] {dagbag.py:539} INFO - Filling up the DagBag from /opt/airflow/dags/extract_from_pg.py
[2024-08-13T21:25:44.690+0000] {logging_mixin.py:151} WARNING - /home/airflow/.local/lib/python3.8/site-packages/airflow/models/baseoperator.py:437 AirflowProviderDeprecationWarning: `exists_ok` parameter is deprecated, please use `if_exists`
[2024-08-13T21:25:44.726+0000] {processor.py:839} INFO - DAG(s) dict_keys(['postgres_to_bigquery_etl']) retrieved from /opt/airflow/dags/extract_from_pg.py
[2024-08-13T21:25:44.815+0000] {logging_mixin.py:151} INFO - [2024-08-13T21:25:44.815+0000] {dag.py:2915} INFO - Sync 1 DAGs
[2024-08-13T21:25:44.986+0000] {processor.py:179} INFO - Processing /opt/airflow/dags/extract_from_pg.py took 0.364 seconds
[2024-08-13T21:26:15.204+0000] {processor.py:157} INFO - Started process (PID=24640) to work on /opt/airflow/dags/extract_from_pg.py
[2024-08-13T21:26:15.227+0000] {processor.py:829} INFO - Processing file /opt/airflow/dags/extract_from_pg.py for tasks to queue
[2024-08-13T21:26:15.230+0000] {logging_mixin.py:151} INFO - [2024-08-13T21:26:15.229+0000] {dagbag.py:539} INFO - Filling up the DagBag from /opt/airflow/dags/extract_from_pg.py
[2024-08-13T21:26:15.281+0000] {logging_mixin.py:151} WARNING - /home/airflow/.local/lib/python3.8/site-packages/airflow/models/baseoperator.py:437 AirflowProviderDeprecationWarning: `exists_ok` parameter is deprecated, please use `if_exists`
[2024-08-13T21:26:15.309+0000] {processor.py:839} INFO - DAG(s) dict_keys(['postgres_to_bigquery_etl']) retrieved from /opt/airflow/dags/extract_from_pg.py
[2024-08-13T21:26:15.374+0000] {logging_mixin.py:151} INFO - [2024-08-13T21:26:15.374+0000] {dag.py:2915} INFO - Sync 1 DAGs
[2024-08-13T21:26:15.465+0000] {processor.py:179} INFO - Processing /opt/airflow/dags/extract_from_pg.py took 0.269 seconds
[2024-08-13T21:26:45.682+0000] {processor.py:157} INFO - Started process (PID=24648) to work on /opt/airflow/dags/extract_from_pg.py
[2024-08-13T21:26:45.684+0000] {processor.py:829} INFO - Processing file /opt/airflow/dags/extract_from_pg.py for tasks to queue
[2024-08-13T21:26:45.685+0000] {logging_mixin.py:151} INFO - [2024-08-13T21:26:45.685+0000] {dagbag.py:539} INFO - Filling up the DagBag from /opt/airflow/dags/extract_from_pg.py
[2024-08-13T21:26:45.730+0000] {logging_mixin.py:151} WARNING - /home/airflow/.local/lib/python3.8/site-packages/airflow/models/baseoperator.py:437 AirflowProviderDeprecationWarning: `exists_ok` parameter is deprecated, please use `if_exists`
[2024-08-13T21:26:45.763+0000] {processor.py:839} INFO - DAG(s) dict_keys(['postgres_to_bigquery_etl']) retrieved from /opt/airflow/dags/extract_from_pg.py
[2024-08-13T21:26:45.824+0000] {logging_mixin.py:151} INFO - [2024-08-13T21:26:45.824+0000] {dag.py:2915} INFO - Sync 1 DAGs
[2024-08-13T21:26:45.905+0000] {processor.py:179} INFO - Processing /opt/airflow/dags/extract_from_pg.py took 0.230 seconds
[2024-08-13T21:27:16.108+0000] {processor.py:157} INFO - Started process (PID=24656) to work on /opt/airflow/dags/extract_from_pg.py
[2024-08-13T21:27:16.129+0000] {processor.py:829} INFO - Processing file /opt/airflow/dags/extract_from_pg.py for tasks to queue
[2024-08-13T21:27:16.131+0000] {logging_mixin.py:151} INFO - [2024-08-13T21:27:16.131+0000] {dagbag.py:539} INFO - Filling up the DagBag from /opt/airflow/dags/extract_from_pg.py
[2024-08-13T21:27:16.187+0000] {logging_mixin.py:151} WARNING - /home/airflow/.local/lib/python3.8/site-packages/airflow/models/baseoperator.py:437 AirflowProviderDeprecationWarning: `exists_ok` parameter is deprecated, please use `if_exists`
[2024-08-13T21:27:16.225+0000] {processor.py:839} INFO - DAG(s) dict_keys(['postgres_to_bigquery_etl']) retrieved from /opt/airflow/dags/extract_from_pg.py
[2024-08-13T21:27:16.310+0000] {logging_mixin.py:151} INFO - [2024-08-13T21:27:16.310+0000] {dag.py:2915} INFO - Sync 1 DAGs
[2024-08-13T21:27:16.395+0000] {processor.py:179} INFO - Processing /opt/airflow/dags/extract_from_pg.py took 0.293 seconds
[2024-08-13T21:27:46.594+0000] {processor.py:157} INFO - Started process (PID=24664) to work on /opt/airflow/dags/extract_from_pg.py
[2024-08-13T21:27:46.595+0000] {processor.py:829} INFO - Processing file /opt/airflow/dags/extract_from_pg.py for tasks to queue
[2024-08-13T21:27:46.597+0000] {logging_mixin.py:151} INFO - [2024-08-13T21:27:46.597+0000] {dagbag.py:539} INFO - Filling up the DagBag from /opt/airflow/dags/extract_from_pg.py
[2024-08-13T21:27:46.633+0000] {logging_mixin.py:151} WARNING - /home/airflow/.local/lib/python3.8/site-packages/airflow/models/baseoperator.py:437 AirflowProviderDeprecationWarning: `exists_ok` parameter is deprecated, please use `if_exists`
[2024-08-13T21:27:46.660+0000] {processor.py:839} INFO - DAG(s) dict_keys(['postgres_to_bigquery_etl']) retrieved from /opt/airflow/dags/extract_from_pg.py
[2024-08-13T21:27:46.730+0000] {logging_mixin.py:151} INFO - [2024-08-13T21:27:46.730+0000] {dag.py:2915} INFO - Sync 1 DAGs
[2024-08-13T21:27:46.813+0000] {processor.py:179} INFO - Processing /opt/airflow/dags/extract_from_pg.py took 0.226 seconds
[2024-08-13T21:28:17.042+0000] {processor.py:157} INFO - Started process (PID=24671) to work on /opt/airflow/dags/extract_from_pg.py
[2024-08-13T21:28:17.054+0000] {processor.py:829} INFO - Processing file /opt/airflow/dags/extract_from_pg.py for tasks to queue
[2024-08-13T21:28:17.056+0000] {logging_mixin.py:151} INFO - [2024-08-13T21:28:17.055+0000] {dagbag.py:539} INFO - Filling up the DagBag from /opt/airflow/dags/extract_from_pg.py
[2024-08-13T21:28:17.089+0000] {logging_mixin.py:151} WARNING - /home/airflow/.local/lib/python3.8/site-packages/airflow/models/baseoperator.py:437 AirflowProviderDeprecationWarning: `exists_ok` parameter is deprecated, please use `if_exists`
[2024-08-13T21:28:17.114+0000] {processor.py:839} INFO - DAG(s) dict_keys(['postgres_to_bigquery_etl']) retrieved from /opt/airflow/dags/extract_from_pg.py
[2024-08-13T21:28:17.169+0000] {logging_mixin.py:151} INFO - [2024-08-13T21:28:17.169+0000] {dag.py:2915} INFO - Sync 1 DAGs
[2024-08-13T21:28:17.252+0000] {processor.py:179} INFO - Processing /opt/airflow/dags/extract_from_pg.py took 0.217 seconds
[2024-08-13T21:28:47.509+0000] {processor.py:157} INFO - Started process (PID=24679) to work on /opt/airflow/dags/extract_from_pg.py
[2024-08-13T21:28:47.510+0000] {processor.py:829} INFO - Processing file /opt/airflow/dags/extract_from_pg.py for tasks to queue
[2024-08-13T21:28:47.511+0000] {logging_mixin.py:151} INFO - [2024-08-13T21:28:47.511+0000] {dagbag.py:539} INFO - Filling up the DagBag from /opt/airflow/dags/extract_from_pg.py
[2024-08-13T21:28:47.548+0000] {logging_mixin.py:151} WARNING - /home/airflow/.local/lib/python3.8/site-packages/airflow/models/baseoperator.py:437 AirflowProviderDeprecationWarning: `exists_ok` parameter is deprecated, please use `if_exists`
[2024-08-13T21:28:47.575+0000] {processor.py:839} INFO - DAG(s) dict_keys(['postgres_to_bigquery_etl']) retrieved from /opt/airflow/dags/extract_from_pg.py
[2024-08-13T21:28:47.645+0000] {logging_mixin.py:151} INFO - [2024-08-13T21:28:47.645+0000] {dag.py:2915} INFO - Sync 1 DAGs
[2024-08-13T21:28:47.741+0000] {processor.py:179} INFO - Processing /opt/airflow/dags/extract_from_pg.py took 0.238 seconds
[2024-08-13T21:29:17.780+0000] {processor.py:157} INFO - Started process (PID=24687) to work on /opt/airflow/dags/extract_from_pg.py
[2024-08-13T21:29:17.794+0000] {processor.py:829} INFO - Processing file /opt/airflow/dags/extract_from_pg.py for tasks to queue
[2024-08-13T21:29:17.795+0000] {logging_mixin.py:151} INFO - [2024-08-13T21:29:17.795+0000] {dagbag.py:539} INFO - Filling up the DagBag from /opt/airflow/dags/extract_from_pg.py
[2024-08-13T21:29:17.824+0000] {logging_mixin.py:151} WARNING - /home/airflow/.local/lib/python3.8/site-packages/airflow/models/baseoperator.py:437 AirflowProviderDeprecationWarning: `exists_ok` parameter is deprecated, please use `if_exists`
[2024-08-13T21:29:17.845+0000] {processor.py:839} INFO - DAG(s) dict_keys(['postgres_to_bigquery_etl']) retrieved from /opt/airflow/dags/extract_from_pg.py
[2024-08-13T21:29:17.937+0000] {logging_mixin.py:151} INFO - [2024-08-13T21:29:17.936+0000] {dag.py:2915} INFO - Sync 1 DAGs
[2024-08-13T21:29:18.060+0000] {processor.py:179} INFO - Processing /opt/airflow/dags/extract_from_pg.py took 0.285 seconds
[2024-08-13T21:29:48.185+0000] {processor.py:157} INFO - Started process (PID=24694) to work on /opt/airflow/dags/extract_from_pg.py
[2024-08-13T21:29:48.186+0000] {processor.py:829} INFO - Processing file /opt/airflow/dags/extract_from_pg.py for tasks to queue
[2024-08-13T21:29:48.187+0000] {logging_mixin.py:151} INFO - [2024-08-13T21:29:48.187+0000] {dagbag.py:539} INFO - Filling up the DagBag from /opt/airflow/dags/extract_from_pg.py
[2024-08-13T21:29:48.215+0000] {logging_mixin.py:151} WARNING - /home/airflow/.local/lib/python3.8/site-packages/airflow/models/baseoperator.py:437 AirflowProviderDeprecationWarning: `exists_ok` parameter is deprecated, please use `if_exists`
[2024-08-13T21:29:48.237+0000] {processor.py:839} INFO - DAG(s) dict_keys(['postgres_to_bigquery_etl']) retrieved from /opt/airflow/dags/extract_from_pg.py
[2024-08-13T21:29:48.307+0000] {logging_mixin.py:151} INFO - [2024-08-13T21:29:48.307+0000] {dag.py:2915} INFO - Sync 1 DAGs
[2024-08-13T21:29:48.408+0000] {processor.py:179} INFO - Processing /opt/airflow/dags/extract_from_pg.py took 0.228 seconds
[2024-08-13T21:30:18.514+0000] {processor.py:157} INFO - Started process (PID=24701) to work on /opt/airflow/dags/extract_from_pg.py
[2024-08-13T21:30:18.533+0000] {processor.py:829} INFO - Processing file /opt/airflow/dags/extract_from_pg.py for tasks to queue
[2024-08-13T21:30:18.534+0000] {logging_mixin.py:151} INFO - [2024-08-13T21:30:18.534+0000] {dagbag.py:539} INFO - Filling up the DagBag from /opt/airflow/dags/extract_from_pg.py
[2024-08-13T21:30:18.573+0000] {logging_mixin.py:151} WARNING - /home/airflow/.local/lib/python3.8/site-packages/airflow/models/baseoperator.py:437 AirflowProviderDeprecationWarning: `exists_ok` parameter is deprecated, please use `if_exists`
[2024-08-13T21:30:18.595+0000] {processor.py:839} INFO - DAG(s) dict_keys(['postgres_to_bigquery_etl']) retrieved from /opt/airflow/dags/extract_from_pg.py
[2024-08-13T21:30:18.646+0000] {logging_mixin.py:151} INFO - [2024-08-13T21:30:18.645+0000] {dag.py:2915} INFO - Sync 1 DAGs
[2024-08-13T21:30:18.734+0000] {processor.py:179} INFO - Processing /opt/airflow/dags/extract_from_pg.py took 0.224 seconds
[2024-08-13T21:30:48.824+0000] {processor.py:157} INFO - Started process (PID=24709) to work on /opt/airflow/dags/extract_from_pg.py
[2024-08-13T21:30:48.826+0000] {processor.py:829} INFO - Processing file /opt/airflow/dags/extract_from_pg.py for tasks to queue
[2024-08-13T21:30:48.827+0000] {logging_mixin.py:151} INFO - [2024-08-13T21:30:48.826+0000] {dagbag.py:539} INFO - Filling up the DagBag from /opt/airflow/dags/extract_from_pg.py
[2024-08-13T21:30:48.856+0000] {logging_mixin.py:151} WARNING - /home/airflow/.local/lib/python3.8/site-packages/airflow/models/baseoperator.py:437 AirflowProviderDeprecationWarning: `exists_ok` parameter is deprecated, please use `if_exists`
[2024-08-13T21:30:48.876+0000] {processor.py:839} INFO - DAG(s) dict_keys(['postgres_to_bigquery_etl']) retrieved from /opt/airflow/dags/extract_from_pg.py
[2024-08-13T21:30:48.925+0000] {logging_mixin.py:151} INFO - [2024-08-13T21:30:48.925+0000] {dag.py:2915} INFO - Sync 1 DAGs
[2024-08-13T21:30:49.012+0000] {processor.py:179} INFO - Processing /opt/airflow/dags/extract_from_pg.py took 0.194 seconds
[2024-08-13T21:31:19.190+0000] {processor.py:157} INFO - Started process (PID=24717) to work on /opt/airflow/dags/extract_from_pg.py
[2024-08-13T21:31:19.207+0000] {processor.py:829} INFO - Processing file /opt/airflow/dags/extract_from_pg.py for tasks to queue
[2024-08-13T21:31:19.209+0000] {logging_mixin.py:151} INFO - [2024-08-13T21:31:19.209+0000] {dagbag.py:539} INFO - Filling up the DagBag from /opt/airflow/dags/extract_from_pg.py
[2024-08-13T21:31:19.254+0000] {logging_mixin.py:151} WARNING - /home/airflow/.local/lib/python3.8/site-packages/airflow/models/baseoperator.py:437 AirflowProviderDeprecationWarning: `exists_ok` parameter is deprecated, please use `if_exists`
[2024-08-13T21:31:19.290+0000] {processor.py:839} INFO - DAG(s) dict_keys(['postgres_to_bigquery_etl']) retrieved from /opt/airflow/dags/extract_from_pg.py
[2024-08-13T21:31:19.359+0000] {logging_mixin.py:151} INFO - [2024-08-13T21:31:19.358+0000] {dag.py:2915} INFO - Sync 1 DAGs
[2024-08-13T21:31:19.487+0000] {processor.py:179} INFO - Processing /opt/airflow/dags/extract_from_pg.py took 0.306 seconds
[2024-08-13T21:31:49.728+0000] {processor.py:157} INFO - Started process (PID=24725) to work on /opt/airflow/dags/extract_from_pg.py
[2024-08-13T21:31:49.730+0000] {processor.py:829} INFO - Processing file /opt/airflow/dags/extract_from_pg.py for tasks to queue
[2024-08-13T21:31:49.732+0000] {logging_mixin.py:151} INFO - [2024-08-13T21:31:49.731+0000] {dagbag.py:539} INFO - Filling up the DagBag from /opt/airflow/dags/extract_from_pg.py
[2024-08-13T21:31:49.781+0000] {logging_mixin.py:151} WARNING - /home/airflow/.local/lib/python3.8/site-packages/airflow/models/baseoperator.py:437 AirflowProviderDeprecationWarning: `exists_ok` parameter is deprecated, please use `if_exists`
[2024-08-13T21:31:49.819+0000] {processor.py:839} INFO - DAG(s) dict_keys(['postgres_to_bigquery_etl']) retrieved from /opt/airflow/dags/extract_from_pg.py
[2024-08-13T21:31:49.906+0000] {logging_mixin.py:151} INFO - [2024-08-13T21:31:49.905+0000] {dag.py:2915} INFO - Sync 1 DAGs
[2024-08-13T21:31:50.000+0000] {processor.py:179} INFO - Processing /opt/airflow/dags/extract_from_pg.py took 0.281 seconds
[2024-08-13T21:32:20.217+0000] {processor.py:157} INFO - Started process (PID=24733) to work on /opt/airflow/dags/extract_from_pg.py
[2024-08-13T21:32:20.218+0000] {processor.py:829} INFO - Processing file /opt/airflow/dags/extract_from_pg.py for tasks to queue
[2024-08-13T21:32:20.220+0000] {logging_mixin.py:151} INFO - [2024-08-13T21:32:20.219+0000] {dagbag.py:539} INFO - Filling up the DagBag from /opt/airflow/dags/extract_from_pg.py
[2024-08-13T21:32:20.251+0000] {logging_mixin.py:151} WARNING - /home/airflow/.local/lib/python3.8/site-packages/airflow/models/baseoperator.py:437 AirflowProviderDeprecationWarning: `exists_ok` parameter is deprecated, please use `if_exists`
[2024-08-13T21:32:20.274+0000] {processor.py:839} INFO - DAG(s) dict_keys(['postgres_to_bigquery_etl']) retrieved from /opt/airflow/dags/extract_from_pg.py
[2024-08-13T21:32:20.382+0000] {logging_mixin.py:151} INFO - [2024-08-13T21:32:20.382+0000] {dag.py:2915} INFO - Sync 1 DAGs
[2024-08-13T21:32:20.495+0000] {processor.py:179} INFO - Processing /opt/airflow/dags/extract_from_pg.py took 0.284 seconds
[2024-08-13T21:32:50.745+0000] {processor.py:157} INFO - Started process (PID=24740) to work on /opt/airflow/dags/extract_from_pg.py
[2024-08-13T21:32:50.746+0000] {processor.py:829} INFO - Processing file /opt/airflow/dags/extract_from_pg.py for tasks to queue
[2024-08-13T21:32:50.747+0000] {logging_mixin.py:151} INFO - [2024-08-13T21:32:50.747+0000] {dagbag.py:539} INFO - Filling up the DagBag from /opt/airflow/dags/extract_from_pg.py
[2024-08-13T21:32:50.827+0000] {logging_mixin.py:151} WARNING - /home/airflow/.local/lib/python3.8/site-packages/airflow/models/baseoperator.py:437 AirflowProviderDeprecationWarning: `exists_ok` parameter is deprecated, please use `if_exists`
[2024-08-13T21:32:50.861+0000] {processor.py:839} INFO - DAG(s) dict_keys(['postgres_to_bigquery_etl']) retrieved from /opt/airflow/dags/extract_from_pg.py
[2024-08-13T21:32:51.005+0000] {logging_mixin.py:151} INFO - [2024-08-13T21:32:51.005+0000] {dag.py:2915} INFO - Sync 1 DAGs
[2024-08-13T21:32:51.123+0000] {processor.py:179} INFO - Processing /opt/airflow/dags/extract_from_pg.py took 0.387 seconds
[2024-08-13T21:33:21.354+0000] {processor.py:157} INFO - Started process (PID=24748) to work on /opt/airflow/dags/extract_from_pg.py
[2024-08-13T21:33:21.369+0000] {processor.py:829} INFO - Processing file /opt/airflow/dags/extract_from_pg.py for tasks to queue
[2024-08-13T21:33:21.371+0000] {logging_mixin.py:151} INFO - [2024-08-13T21:33:21.370+0000] {dagbag.py:539} INFO - Filling up the DagBag from /opt/airflow/dags/extract_from_pg.py
[2024-08-13T21:33:21.404+0000] {logging_mixin.py:151} WARNING - /home/airflow/.local/lib/python3.8/site-packages/airflow/models/baseoperator.py:437 AirflowProviderDeprecationWarning: `exists_ok` parameter is deprecated, please use `if_exists`
[2024-08-13T21:33:21.426+0000] {processor.py:839} INFO - DAG(s) dict_keys(['postgres_to_bigquery_etl']) retrieved from /opt/airflow/dags/extract_from_pg.py
[2024-08-13T21:33:21.477+0000] {logging_mixin.py:151} INFO - [2024-08-13T21:33:21.477+0000] {dag.py:2915} INFO - Sync 1 DAGs
[2024-08-13T21:33:21.579+0000] {processor.py:179} INFO - Processing /opt/airflow/dags/extract_from_pg.py took 0.232 seconds
[2024-08-13T21:33:51.846+0000] {processor.py:157} INFO - Started process (PID=24756) to work on /opt/airflow/dags/extract_from_pg.py
[2024-08-13T21:33:51.847+0000] {processor.py:829} INFO - Processing file /opt/airflow/dags/extract_from_pg.py for tasks to queue
[2024-08-13T21:33:51.849+0000] {logging_mixin.py:151} INFO - [2024-08-13T21:33:51.848+0000] {dagbag.py:539} INFO - Filling up the DagBag from /opt/airflow/dags/extract_from_pg.py
[2024-08-13T21:33:51.877+0000] {logging_mixin.py:151} WARNING - /home/airflow/.local/lib/python3.8/site-packages/airflow/models/baseoperator.py:437 AirflowProviderDeprecationWarning: `exists_ok` parameter is deprecated, please use `if_exists`
[2024-08-13T21:33:51.898+0000] {processor.py:839} INFO - DAG(s) dict_keys(['postgres_to_bigquery_etl']) retrieved from /opt/airflow/dags/extract_from_pg.py
[2024-08-13T21:33:51.945+0000] {logging_mixin.py:151} INFO - [2024-08-13T21:33:51.945+0000] {dag.py:2915} INFO - Sync 1 DAGs
[2024-08-13T21:33:52.021+0000] {processor.py:179} INFO - Processing /opt/airflow/dags/extract_from_pg.py took 0.181 seconds
[2024-08-13T21:34:22.248+0000] {processor.py:157} INFO - Started process (PID=24764) to work on /opt/airflow/dags/extract_from_pg.py
[2024-08-13T21:34:22.262+0000] {processor.py:829} INFO - Processing file /opt/airflow/dags/extract_from_pg.py for tasks to queue
[2024-08-13T21:34:22.264+0000] {logging_mixin.py:151} INFO - [2024-08-13T21:34:22.263+0000] {dagbag.py:539} INFO - Filling up the DagBag from /opt/airflow/dags/extract_from_pg.py
[2024-08-13T21:34:22.298+0000] {logging_mixin.py:151} WARNING - /home/airflow/.local/lib/python3.8/site-packages/airflow/models/baseoperator.py:437 AirflowProviderDeprecationWarning: `exists_ok` parameter is deprecated, please use `if_exists`
[2024-08-13T21:34:22.319+0000] {processor.py:839} INFO - DAG(s) dict_keys(['postgres_to_bigquery_etl']) retrieved from /opt/airflow/dags/extract_from_pg.py
[2024-08-13T21:34:22.373+0000] {logging_mixin.py:151} INFO - [2024-08-13T21:34:22.373+0000] {dag.py:2915} INFO - Sync 1 DAGs
[2024-08-13T21:34:22.456+0000] {processor.py:179} INFO - Processing /opt/airflow/dags/extract_from_pg.py took 0.214 seconds
[2024-08-13T21:34:52.681+0000] {processor.py:157} INFO - Started process (PID=24772) to work on /opt/airflow/dags/extract_from_pg.py
[2024-08-13T21:34:52.682+0000] {processor.py:829} INFO - Processing file /opt/airflow/dags/extract_from_pg.py for tasks to queue
[2024-08-13T21:34:52.683+0000] {logging_mixin.py:151} INFO - [2024-08-13T21:34:52.682+0000] {dagbag.py:539} INFO - Filling up the DagBag from /opt/airflow/dags/extract_from_pg.py
[2024-08-13T21:34:52.713+0000] {logging_mixin.py:151} WARNING - /home/airflow/.local/lib/python3.8/site-packages/airflow/models/baseoperator.py:437 AirflowProviderDeprecationWarning: `exists_ok` parameter is deprecated, please use `if_exists`
[2024-08-13T21:34:52.734+0000] {processor.py:839} INFO - DAG(s) dict_keys(['postgres_to_bigquery_etl']) retrieved from /opt/airflow/dags/extract_from_pg.py
[2024-08-13T21:34:52.786+0000] {logging_mixin.py:151} INFO - [2024-08-13T21:34:52.786+0000] {dag.py:2915} INFO - Sync 1 DAGs
[2024-08-13T21:34:52.876+0000] {processor.py:179} INFO - Processing /opt/airflow/dags/extract_from_pg.py took 0.201 seconds
[2024-08-13T21:35:23.111+0000] {processor.py:157} INFO - Started process (PID=24780) to work on /opt/airflow/dags/extract_from_pg.py
[2024-08-13T21:35:23.117+0000] {processor.py:829} INFO - Processing file /opt/airflow/dags/extract_from_pg.py for tasks to queue
[2024-08-13T21:35:23.118+0000] {logging_mixin.py:151} INFO - [2024-08-13T21:35:23.118+0000] {dagbag.py:539} INFO - Filling up the DagBag from /opt/airflow/dags/extract_from_pg.py
[2024-08-13T21:35:23.150+0000] {logging_mixin.py:151} WARNING - /home/airflow/.local/lib/python3.8/site-packages/airflow/models/baseoperator.py:437 AirflowProviderDeprecationWarning: `exists_ok` parameter is deprecated, please use `if_exists`
[2024-08-13T21:35:23.172+0000] {processor.py:839} INFO - DAG(s) dict_keys(['postgres_to_bigquery_etl']) retrieved from /opt/airflow/dags/extract_from_pg.py
[2024-08-13T21:35:23.226+0000] {logging_mixin.py:151} INFO - [2024-08-13T21:35:23.225+0000] {dag.py:2915} INFO - Sync 1 DAGs
[2024-08-13T21:35:23.329+0000] {processor.py:179} INFO - Processing /opt/airflow/dags/extract_from_pg.py took 0.224 seconds
[2024-08-13T21:35:53.554+0000] {processor.py:157} INFO - Started process (PID=24788) to work on /opt/airflow/dags/extract_from_pg.py
[2024-08-13T21:35:53.555+0000] {processor.py:829} INFO - Processing file /opt/airflow/dags/extract_from_pg.py for tasks to queue
[2024-08-13T21:35:53.556+0000] {logging_mixin.py:151} INFO - [2024-08-13T21:35:53.556+0000] {dagbag.py:539} INFO - Filling up the DagBag from /opt/airflow/dags/extract_from_pg.py
[2024-08-13T21:35:53.584+0000] {logging_mixin.py:151} WARNING - /home/airflow/.local/lib/python3.8/site-packages/airflow/models/baseoperator.py:437 AirflowProviderDeprecationWarning: `exists_ok` parameter is deprecated, please use `if_exists`
[2024-08-13T21:35:53.604+0000] {processor.py:839} INFO - DAG(s) dict_keys(['postgres_to_bigquery_etl']) retrieved from /opt/airflow/dags/extract_from_pg.py
[2024-08-13T21:35:53.652+0000] {logging_mixin.py:151} INFO - [2024-08-13T21:35:53.652+0000] {dag.py:2915} INFO - Sync 1 DAGs
[2024-08-13T21:35:53.738+0000] {processor.py:179} INFO - Processing /opt/airflow/dags/extract_from_pg.py took 0.189 seconds
[2024-08-13T21:36:23.969+0000] {processor.py:157} INFO - Started process (PID=24796) to work on /opt/airflow/dags/extract_from_pg.py
[2024-08-13T21:36:23.988+0000] {processor.py:829} INFO - Processing file /opt/airflow/dags/extract_from_pg.py for tasks to queue
[2024-08-13T21:36:23.990+0000] {logging_mixin.py:151} INFO - [2024-08-13T21:36:23.989+0000] {dagbag.py:539} INFO - Filling up the DagBag from /opt/airflow/dags/extract_from_pg.py
[2024-08-13T21:36:24.025+0000] {logging_mixin.py:151} WARNING - /home/airflow/.local/lib/python3.8/site-packages/airflow/models/baseoperator.py:437 AirflowProviderDeprecationWarning: `exists_ok` parameter is deprecated, please use `if_exists`
[2024-08-13T21:36:24.046+0000] {processor.py:839} INFO - DAG(s) dict_keys(['postgres_to_bigquery_etl']) retrieved from /opt/airflow/dags/extract_from_pg.py
[2024-08-13T21:36:24.103+0000] {logging_mixin.py:151} INFO - [2024-08-13T21:36:24.103+0000] {dag.py:2915} INFO - Sync 1 DAGs
[2024-08-13T21:36:24.224+0000] {processor.py:179} INFO - Processing /opt/airflow/dags/extract_from_pg.py took 0.262 seconds
[2024-08-13T21:36:54.441+0000] {processor.py:157} INFO - Started process (PID=24803) to work on /opt/airflow/dags/extract_from_pg.py
[2024-08-13T21:36:54.442+0000] {processor.py:829} INFO - Processing file /opt/airflow/dags/extract_from_pg.py for tasks to queue
[2024-08-13T21:36:54.443+0000] {logging_mixin.py:151} INFO - [2024-08-13T21:36:54.443+0000] {dagbag.py:539} INFO - Filling up the DagBag from /opt/airflow/dags/extract_from_pg.py
[2024-08-13T21:36:54.491+0000] {logging_mixin.py:151} WARNING - /home/airflow/.local/lib/python3.8/site-packages/airflow/models/baseoperator.py:437 AirflowProviderDeprecationWarning: `exists_ok` parameter is deprecated, please use `if_exists`
[2024-08-13T21:36:54.527+0000] {processor.py:839} INFO - DAG(s) dict_keys(['postgres_to_bigquery_etl']) retrieved from /opt/airflow/dags/extract_from_pg.py
[2024-08-13T21:36:54.579+0000] {logging_mixin.py:151} INFO - [2024-08-13T21:36:54.579+0000] {dag.py:2915} INFO - Sync 1 DAGs
[2024-08-13T21:36:54.669+0000] {processor.py:179} INFO - Processing /opt/airflow/dags/extract_from_pg.py took 0.233 seconds
[2024-08-13T21:37:24.922+0000] {processor.py:157} INFO - Started process (PID=24810) to work on /opt/airflow/dags/extract_from_pg.py
[2024-08-13T21:37:24.943+0000] {processor.py:829} INFO - Processing file /opt/airflow/dags/extract_from_pg.py for tasks to queue
[2024-08-13T21:37:24.945+0000] {logging_mixin.py:151} INFO - [2024-08-13T21:37:24.945+0000] {dagbag.py:539} INFO - Filling up the DagBag from /opt/airflow/dags/extract_from_pg.py
[2024-08-13T21:37:24.997+0000] {logging_mixin.py:151} WARNING - /home/airflow/.local/lib/python3.8/site-packages/airflow/models/baseoperator.py:437 AirflowProviderDeprecationWarning: `exists_ok` parameter is deprecated, please use `if_exists`
[2024-08-13T21:37:25.033+0000] {processor.py:839} INFO - DAG(s) dict_keys(['postgres_to_bigquery_etl']) retrieved from /opt/airflow/dags/extract_from_pg.py
[2024-08-13T21:37:25.106+0000] {logging_mixin.py:151} INFO - [2024-08-13T21:37:25.105+0000] {dag.py:2915} INFO - Sync 1 DAGs
[2024-08-13T21:37:25.184+0000] {processor.py:179} INFO - Processing /opt/airflow/dags/extract_from_pg.py took 0.269 seconds
[2024-08-13T21:37:55.402+0000] {processor.py:157} INFO - Started process (PID=24817) to work on /opt/airflow/dags/extract_from_pg.py
[2024-08-13T21:37:55.404+0000] {processor.py:829} INFO - Processing file /opt/airflow/dags/extract_from_pg.py for tasks to queue
[2024-08-13T21:37:55.405+0000] {logging_mixin.py:151} INFO - [2024-08-13T21:37:55.405+0000] {dagbag.py:539} INFO - Filling up the DagBag from /opt/airflow/dags/extract_from_pg.py
[2024-08-13T21:37:55.452+0000] {logging_mixin.py:151} WARNING - /home/airflow/.local/lib/python3.8/site-packages/airflow/models/baseoperator.py:437 AirflowProviderDeprecationWarning: `exists_ok` parameter is deprecated, please use `if_exists`
[2024-08-13T21:37:55.491+0000] {processor.py:839} INFO - DAG(s) dict_keys(['postgres_to_bigquery_etl']) retrieved from /opt/airflow/dags/extract_from_pg.py
[2024-08-13T21:37:55.578+0000] {logging_mixin.py:151} INFO - [2024-08-13T21:37:55.578+0000] {dag.py:2915} INFO - Sync 1 DAGs
[2024-08-13T21:37:55.772+0000] {processor.py:179} INFO - Processing /opt/airflow/dags/extract_from_pg.py took 0.377 seconds
[2024-08-13T21:38:26.004+0000] {processor.py:157} INFO - Started process (PID=24824) to work on /opt/airflow/dags/extract_from_pg.py
[2024-08-13T21:38:26.008+0000] {processor.py:829} INFO - Processing file /opt/airflow/dags/extract_from_pg.py for tasks to queue
[2024-08-13T21:38:26.009+0000] {logging_mixin.py:151} INFO - [2024-08-13T21:38:26.009+0000] {dagbag.py:539} INFO - Filling up the DagBag from /opt/airflow/dags/extract_from_pg.py
[2024-08-13T21:38:26.037+0000] {logging_mixin.py:151} WARNING - /home/airflow/.local/lib/python3.8/site-packages/airflow/models/baseoperator.py:437 AirflowProviderDeprecationWarning: `exists_ok` parameter is deprecated, please use `if_exists`
[2024-08-13T21:38:26.059+0000] {processor.py:839} INFO - DAG(s) dict_keys(['postgres_to_bigquery_etl']) retrieved from /opt/airflow/dags/extract_from_pg.py
[2024-08-13T21:38:26.112+0000] {logging_mixin.py:151} INFO - [2024-08-13T21:38:26.111+0000] {dag.py:2915} INFO - Sync 1 DAGs
[2024-08-13T21:38:26.227+0000] {processor.py:179} INFO - Processing /opt/airflow/dags/extract_from_pg.py took 0.228 seconds
[2024-08-13T21:38:56.515+0000] {processor.py:157} INFO - Started process (PID=24832) to work on /opt/airflow/dags/extract_from_pg.py
[2024-08-13T21:38:56.516+0000] {processor.py:829} INFO - Processing file /opt/airflow/dags/extract_from_pg.py for tasks to queue
[2024-08-13T21:38:56.517+0000] {logging_mixin.py:151} INFO - [2024-08-13T21:38:56.517+0000] {dagbag.py:539} INFO - Filling up the DagBag from /opt/airflow/dags/extract_from_pg.py
[2024-08-13T21:38:56.546+0000] {logging_mixin.py:151} WARNING - /home/airflow/.local/lib/python3.8/site-packages/airflow/models/baseoperator.py:437 AirflowProviderDeprecationWarning: `exists_ok` parameter is deprecated, please use `if_exists`
[2024-08-13T21:38:56.574+0000] {processor.py:839} INFO - DAG(s) dict_keys(['postgres_to_bigquery_etl']) retrieved from /opt/airflow/dags/extract_from_pg.py
[2024-08-13T21:38:56.666+0000] {logging_mixin.py:151} INFO - [2024-08-13T21:38:56.665+0000] {dag.py:2915} INFO - Sync 1 DAGs
[2024-08-13T21:38:56.753+0000] {processor.py:179} INFO - Processing /opt/airflow/dags/extract_from_pg.py took 0.244 seconds
[2024-08-13T21:39:26.984+0000] {processor.py:157} INFO - Started process (PID=24840) to work on /opt/airflow/dags/extract_from_pg.py
[2024-08-13T21:39:26.997+0000] {processor.py:829} INFO - Processing file /opt/airflow/dags/extract_from_pg.py for tasks to queue
[2024-08-13T21:39:26.999+0000] {logging_mixin.py:151} INFO - [2024-08-13T21:39:26.998+0000] {dagbag.py:539} INFO - Filling up the DagBag from /opt/airflow/dags/extract_from_pg.py
[2024-08-13T21:39:27.026+0000] {logging_mixin.py:151} WARNING - /home/airflow/.local/lib/python3.8/site-packages/airflow/models/baseoperator.py:437 AirflowProviderDeprecationWarning: `exists_ok` parameter is deprecated, please use `if_exists`
[2024-08-13T21:39:27.048+0000] {processor.py:839} INFO - DAG(s) dict_keys(['postgres_to_bigquery_etl']) retrieved from /opt/airflow/dags/extract_from_pg.py
[2024-08-13T21:39:27.096+0000] {logging_mixin.py:151} INFO - [2024-08-13T21:39:27.096+0000] {dag.py:2915} INFO - Sync 1 DAGs
[2024-08-13T21:39:27.173+0000] {processor.py:179} INFO - Processing /opt/airflow/dags/extract_from_pg.py took 0.196 seconds
[2024-08-13T21:39:57.392+0000] {processor.py:157} INFO - Started process (PID=24848) to work on /opt/airflow/dags/extract_from_pg.py
[2024-08-13T21:39:57.393+0000] {processor.py:829} INFO - Processing file /opt/airflow/dags/extract_from_pg.py for tasks to queue
[2024-08-13T21:39:57.394+0000] {logging_mixin.py:151} INFO - [2024-08-13T21:39:57.394+0000] {dagbag.py:539} INFO - Filling up the DagBag from /opt/airflow/dags/extract_from_pg.py
[2024-08-13T21:39:57.423+0000] {logging_mixin.py:151} WARNING - /home/airflow/.local/lib/python3.8/site-packages/airflow/models/baseoperator.py:437 AirflowProviderDeprecationWarning: `exists_ok` parameter is deprecated, please use `if_exists`
[2024-08-13T21:39:57.446+0000] {processor.py:839} INFO - DAG(s) dict_keys(['postgres_to_bigquery_etl']) retrieved from /opt/airflow/dags/extract_from_pg.py
[2024-08-13T21:39:57.498+0000] {logging_mixin.py:151} INFO - [2024-08-13T21:39:57.498+0000] {dag.py:2915} INFO - Sync 1 DAGs
[2024-08-13T21:39:57.618+0000] {processor.py:179} INFO - Processing /opt/airflow/dags/extract_from_pg.py took 0.231 seconds
[2024-08-13T21:40:27.862+0000] {processor.py:157} INFO - Started process (PID=24856) to work on /opt/airflow/dags/extract_from_pg.py
[2024-08-13T21:40:27.880+0000] {processor.py:829} INFO - Processing file /opt/airflow/dags/extract_from_pg.py for tasks to queue
[2024-08-13T21:40:27.881+0000] {logging_mixin.py:151} INFO - [2024-08-13T21:40:27.881+0000] {dagbag.py:539} INFO - Filling up the DagBag from /opt/airflow/dags/extract_from_pg.py
[2024-08-13T21:40:27.908+0000] {logging_mixin.py:151} WARNING - /home/airflow/.local/lib/python3.8/site-packages/airflow/models/baseoperator.py:437 AirflowProviderDeprecationWarning: `exists_ok` parameter is deprecated, please use `if_exists`
[2024-08-13T21:40:27.929+0000] {processor.py:839} INFO - DAG(s) dict_keys(['postgres_to_bigquery_etl']) retrieved from /opt/airflow/dags/extract_from_pg.py
[2024-08-13T21:40:27.980+0000] {logging_mixin.py:151} INFO - [2024-08-13T21:40:27.979+0000] {dag.py:2915} INFO - Sync 1 DAGs
[2024-08-13T21:40:28.082+0000] {processor.py:179} INFO - Processing /opt/airflow/dags/extract_from_pg.py took 0.225 seconds
[2024-08-13T21:40:58.309+0000] {processor.py:157} INFO - Started process (PID=24864) to work on /opt/airflow/dags/extract_from_pg.py
[2024-08-13T21:40:58.310+0000] {processor.py:829} INFO - Processing file /opt/airflow/dags/extract_from_pg.py for tasks to queue
[2024-08-13T21:40:58.311+0000] {logging_mixin.py:151} INFO - [2024-08-13T21:40:58.311+0000] {dagbag.py:539} INFO - Filling up the DagBag from /opt/airflow/dags/extract_from_pg.py
[2024-08-13T21:40:58.341+0000] {logging_mixin.py:151} WARNING - /home/airflow/.local/lib/python3.8/site-packages/airflow/models/baseoperator.py:437 AirflowProviderDeprecationWarning: `exists_ok` parameter is deprecated, please use `if_exists`
[2024-08-13T21:40:58.371+0000] {processor.py:839} INFO - DAG(s) dict_keys(['postgres_to_bigquery_etl']) retrieved from /opt/airflow/dags/extract_from_pg.py
[2024-08-13T21:40:58.429+0000] {logging_mixin.py:151} INFO - [2024-08-13T21:40:58.429+0000] {dag.py:2915} INFO - Sync 1 DAGs
[2024-08-13T21:40:58.464+0000] {logging_mixin.py:151} INFO - [2024-08-13T21:40:58.464+0000] {dag.py:3696} INFO - Setting next_dagrun for postgres_to_bigquery_etl to None, run_after=None
[2024-08-13T21:40:58.503+0000] {processor.py:179} INFO - Processing /opt/airflow/dags/extract_from_pg.py took 0.200 seconds
[2024-08-13T21:41:28.740+0000] {processor.py:157} INFO - Started process (PID=24872) to work on /opt/airflow/dags/extract_from_pg.py
[2024-08-13T21:41:28.761+0000] {processor.py:829} INFO - Processing file /opt/airflow/dags/extract_from_pg.py for tasks to queue
[2024-08-13T21:41:28.762+0000] {logging_mixin.py:151} INFO - [2024-08-13T21:41:28.761+0000] {dagbag.py:539} INFO - Filling up the DagBag from /opt/airflow/dags/extract_from_pg.py
[2024-08-13T21:41:28.789+0000] {logging_mixin.py:151} WARNING - /home/airflow/.local/lib/python3.8/site-packages/airflow/models/baseoperator.py:437 AirflowProviderDeprecationWarning: `exists_ok` parameter is deprecated, please use `if_exists`
[2024-08-13T21:41:28.809+0000] {processor.py:839} INFO - DAG(s) dict_keys(['postgres_to_bigquery_etl']) retrieved from /opt/airflow/dags/extract_from_pg.py
[2024-08-13T21:41:28.862+0000] {logging_mixin.py:151} INFO - [2024-08-13T21:41:28.862+0000] {dag.py:2915} INFO - Sync 1 DAGs
[2024-08-13T21:41:28.902+0000] {logging_mixin.py:151} INFO - [2024-08-13T21:41:28.902+0000] {dag.py:3696} INFO - Setting next_dagrun for postgres_to_bigquery_etl to None, run_after=None
[2024-08-13T21:41:28.963+0000] {processor.py:179} INFO - Processing /opt/airflow/dags/extract_from_pg.py took 0.231 seconds
[2024-08-13T21:41:59.192+0000] {processor.py:157} INFO - Started process (PID=24880) to work on /opt/airflow/dags/extract_from_pg.py
[2024-08-13T21:41:59.193+0000] {processor.py:829} INFO - Processing file /opt/airflow/dags/extract_from_pg.py for tasks to queue
[2024-08-13T21:41:59.194+0000] {logging_mixin.py:151} INFO - [2024-08-13T21:41:59.194+0000] {dagbag.py:539} INFO - Filling up the DagBag from /opt/airflow/dags/extract_from_pg.py
[2024-08-13T21:41:59.223+0000] {logging_mixin.py:151} WARNING - /home/airflow/.local/lib/python3.8/site-packages/airflow/models/baseoperator.py:437 AirflowProviderDeprecationWarning: `exists_ok` parameter is deprecated, please use `if_exists`
[2024-08-13T21:41:59.244+0000] {processor.py:839} INFO - DAG(s) dict_keys(['postgres_to_bigquery_etl']) retrieved from /opt/airflow/dags/extract_from_pg.py
[2024-08-13T21:41:59.296+0000] {logging_mixin.py:151} INFO - [2024-08-13T21:41:59.296+0000] {dag.py:2915} INFO - Sync 1 DAGs
[2024-08-13T21:41:59.336+0000] {logging_mixin.py:151} INFO - [2024-08-13T21:41:59.336+0000] {dag.py:3696} INFO - Setting next_dagrun for postgres_to_bigquery_etl to None, run_after=None
[2024-08-13T21:41:59.381+0000] {processor.py:179} INFO - Processing /opt/airflow/dags/extract_from_pg.py took 0.195 seconds
[2024-08-13T21:42:29.624+0000] {processor.py:157} INFO - Started process (PID=24887) to work on /opt/airflow/dags/extract_from_pg.py
[2024-08-13T21:42:29.637+0000] {processor.py:829} INFO - Processing file /opt/airflow/dags/extract_from_pg.py for tasks to queue
[2024-08-13T21:42:29.638+0000] {logging_mixin.py:151} INFO - [2024-08-13T21:42:29.638+0000] {dagbag.py:539} INFO - Filling up the DagBag from /opt/airflow/dags/extract_from_pg.py
[2024-08-13T21:42:29.670+0000] {logging_mixin.py:151} WARNING - /home/airflow/.local/lib/python3.8/site-packages/airflow/models/baseoperator.py:437 AirflowProviderDeprecationWarning: `exists_ok` parameter is deprecated, please use `if_exists`
[2024-08-13T21:42:29.690+0000] {processor.py:839} INFO - DAG(s) dict_keys(['postgres_to_bigquery_etl']) retrieved from /opt/airflow/dags/extract_from_pg.py
[2024-08-13T21:42:29.741+0000] {logging_mixin.py:151} INFO - [2024-08-13T21:42:29.740+0000] {dag.py:2915} INFO - Sync 1 DAGs
[2024-08-13T21:42:29.775+0000] {logging_mixin.py:151} INFO - [2024-08-13T21:42:29.775+0000] {dag.py:3696} INFO - Setting next_dagrun for postgres_to_bigquery_etl to None, run_after=None
[2024-08-13T21:42:29.814+0000] {processor.py:179} INFO - Processing /opt/airflow/dags/extract_from_pg.py took 0.197 seconds
[2024-08-13T21:43:00.034+0000] {processor.py:157} INFO - Started process (PID=24895) to work on /opt/airflow/dags/extract_from_pg.py
[2024-08-13T21:43:00.035+0000] {processor.py:829} INFO - Processing file /opt/airflow/dags/extract_from_pg.py for tasks to queue
[2024-08-13T21:43:00.036+0000] {logging_mixin.py:151} INFO - [2024-08-13T21:43:00.036+0000] {dagbag.py:539} INFO - Filling up the DagBag from /opt/airflow/dags/extract_from_pg.py
[2024-08-13T21:43:00.066+0000] {logging_mixin.py:151} WARNING - /home/airflow/.local/lib/python3.8/site-packages/airflow/models/baseoperator.py:437 AirflowProviderDeprecationWarning: `exists_ok` parameter is deprecated, please use `if_exists`
[2024-08-13T21:43:00.086+0000] {processor.py:839} INFO - DAG(s) dict_keys(['postgres_to_bigquery_etl']) retrieved from /opt/airflow/dags/extract_from_pg.py
[2024-08-13T21:43:00.133+0000] {logging_mixin.py:151} INFO - [2024-08-13T21:43:00.133+0000] {dag.py:2915} INFO - Sync 1 DAGs
[2024-08-13T21:43:00.169+0000] {logging_mixin.py:151} INFO - [2024-08-13T21:43:00.169+0000] {dag.py:3696} INFO - Setting next_dagrun for postgres_to_bigquery_etl to None, run_after=None
[2024-08-13T21:43:00.201+0000] {processor.py:179} INFO - Processing /opt/airflow/dags/extract_from_pg.py took 0.173 seconds
[2024-08-13T21:43:30.257+0000] {processor.py:157} INFO - Started process (PID=24903) to work on /opt/airflow/dags/extract_from_pg.py
[2024-08-13T21:43:30.270+0000] {processor.py:829} INFO - Processing file /opt/airflow/dags/extract_from_pg.py for tasks to queue
[2024-08-13T21:43:30.271+0000] {logging_mixin.py:151} INFO - [2024-08-13T21:43:30.271+0000] {dagbag.py:539} INFO - Filling up the DagBag from /opt/airflow/dags/extract_from_pg.py
[2024-08-13T21:43:30.305+0000] {logging_mixin.py:151} WARNING - /home/airflow/.local/lib/python3.8/site-packages/airflow/models/baseoperator.py:437 AirflowProviderDeprecationWarning: `exists_ok` parameter is deprecated, please use `if_exists`
[2024-08-13T21:43:30.327+0000] {processor.py:839} INFO - DAG(s) dict_keys(['postgres_to_bigquery_etl']) retrieved from /opt/airflow/dags/extract_from_pg.py
[2024-08-13T21:43:30.379+0000] {logging_mixin.py:151} INFO - [2024-08-13T21:43:30.378+0000] {dag.py:2915} INFO - Sync 1 DAGs
[2024-08-13T21:43:30.417+0000] {logging_mixin.py:151} INFO - [2024-08-13T21:43:30.417+0000] {dag.py:3696} INFO - Setting next_dagrun for postgres_to_bigquery_etl to None, run_after=None
[2024-08-13T21:43:30.461+0000] {processor.py:179} INFO - Processing /opt/airflow/dags/extract_from_pg.py took 0.210 seconds
[2024-08-13T21:44:00.624+0000] {processor.py:157} INFO - Started process (PID=24911) to work on /opt/airflow/dags/extract_from_pg.py
[2024-08-13T21:44:00.625+0000] {processor.py:829} INFO - Processing file /opt/airflow/dags/extract_from_pg.py for tasks to queue
[2024-08-13T21:44:00.626+0000] {logging_mixin.py:151} INFO - [2024-08-13T21:44:00.626+0000] {dagbag.py:539} INFO - Filling up the DagBag from /opt/airflow/dags/extract_from_pg.py
[2024-08-13T21:44:00.658+0000] {logging_mixin.py:151} WARNING - /home/airflow/.local/lib/python3.8/site-packages/airflow/models/baseoperator.py:437 AirflowProviderDeprecationWarning: `exists_ok` parameter is deprecated, please use `if_exists`
[2024-08-13T21:44:00.679+0000] {processor.py:839} INFO - DAG(s) dict_keys(['postgres_to_bigquery_etl']) retrieved from /opt/airflow/dags/extract_from_pg.py
[2024-08-13T21:44:00.730+0000] {logging_mixin.py:151} INFO - [2024-08-13T21:44:00.729+0000] {dag.py:2915} INFO - Sync 1 DAGs
[2024-08-13T21:44:00.764+0000] {logging_mixin.py:151} INFO - [2024-08-13T21:44:00.764+0000] {dag.py:3696} INFO - Setting next_dagrun for postgres_to_bigquery_etl to None, run_after=None
[2024-08-13T21:44:00.815+0000] {processor.py:179} INFO - Processing /opt/airflow/dags/extract_from_pg.py took 0.196 seconds
[2024-08-13T21:44:30.882+0000] {processor.py:157} INFO - Started process (PID=24919) to work on /opt/airflow/dags/extract_from_pg.py
[2024-08-13T21:44:30.904+0000] {processor.py:829} INFO - Processing file /opt/airflow/dags/extract_from_pg.py for tasks to queue
[2024-08-13T21:44:30.905+0000] {logging_mixin.py:151} INFO - [2024-08-13T21:44:30.905+0000] {dagbag.py:539} INFO - Filling up the DagBag from /opt/airflow/dags/extract_from_pg.py
[2024-08-13T21:44:30.940+0000] {logging_mixin.py:151} WARNING - /home/airflow/.local/lib/python3.8/site-packages/airflow/models/baseoperator.py:437 AirflowProviderDeprecationWarning: `exists_ok` parameter is deprecated, please use `if_exists`
[2024-08-13T21:44:30.963+0000] {processor.py:839} INFO - DAG(s) dict_keys(['postgres_to_bigquery_etl']) retrieved from /opt/airflow/dags/extract_from_pg.py
[2024-08-13T21:44:31.013+0000] {logging_mixin.py:151} INFO - [2024-08-13T21:44:31.013+0000] {dag.py:2915} INFO - Sync 1 DAGs
[2024-08-13T21:44:31.050+0000] {logging_mixin.py:151} INFO - [2024-08-13T21:44:31.049+0000] {dag.py:3696} INFO - Setting next_dagrun for postgres_to_bigquery_etl to None, run_after=None
[2024-08-13T21:44:31.090+0000] {processor.py:179} INFO - Processing /opt/airflow/dags/extract_from_pg.py took 0.214 seconds
[2024-08-13T21:56:36.027+0000] {processor.py:157} INFO - Started process (PID=24927) to work on /opt/airflow/dags/extract_from_pg.py
[2024-08-13T21:56:38.140+0000] {processor.py:829} INFO - Processing file /opt/airflow/dags/extract_from_pg.py for tasks to queue
[2024-08-13T21:56:38.141+0000] {logging_mixin.py:151} INFO - [2024-08-13T21:56:38.141+0000] {dagbag.py:539} INFO - Filling up the DagBag from /opt/airflow/dags/extract_from_pg.py
[2024-08-13T21:56:38.186+0000] {logging_mixin.py:151} WARNING - /home/airflow/.local/lib/python3.8/site-packages/airflow/models/baseoperator.py:437 AirflowProviderDeprecationWarning: `exists_ok` parameter is deprecated, please use `if_exists`
[2024-08-13T21:56:38.215+0000] {processor.py:839} INFO - DAG(s) dict_keys(['postgres_to_bigquery_etl']) retrieved from /opt/airflow/dags/extract_from_pg.py
[2024-08-13T21:56:38.282+0000] {logging_mixin.py:151} INFO - [2024-08-13T21:56:38.282+0000] {dag.py:2915} INFO - Sync 1 DAGs
[2024-08-13T21:56:38.348+0000] {logging_mixin.py:151} INFO - [2024-08-13T21:56:38.347+0000] {dag.py:3696} INFO - Setting next_dagrun for postgres_to_bigquery_etl to None, run_after=None
[2024-08-13T21:56:38.702+0000] {processor.py:179} INFO - Processing /opt/airflow/dags/extract_from_pg.py took 2.690 seconds
[2024-08-13T21:57:08.947+0000] {processor.py:157} INFO - Started process (PID=24934) to work on /opt/airflow/dags/extract_from_pg.py
[2024-08-13T21:57:08.964+0000] {processor.py:829} INFO - Processing file /opt/airflow/dags/extract_from_pg.py for tasks to queue
[2024-08-13T21:57:08.965+0000] {logging_mixin.py:151} INFO - [2024-08-13T21:57:08.965+0000] {dagbag.py:539} INFO - Filling up the DagBag from /opt/airflow/dags/extract_from_pg.py
[2024-08-13T21:57:09.000+0000] {logging_mixin.py:151} WARNING - /home/airflow/.local/lib/python3.8/site-packages/airflow/models/baseoperator.py:437 AirflowProviderDeprecationWarning: `exists_ok` parameter is deprecated, please use `if_exists`
[2024-08-13T21:57:09.023+0000] {processor.py:839} INFO - DAG(s) dict_keys(['postgres_to_bigquery_etl']) retrieved from /opt/airflow/dags/extract_from_pg.py
[2024-08-13T21:57:09.084+0000] {logging_mixin.py:151} INFO - [2024-08-13T21:57:09.084+0000] {dag.py:2915} INFO - Sync 1 DAGs
[2024-08-13T21:57:09.118+0000] {logging_mixin.py:151} INFO - [2024-08-13T21:57:09.118+0000] {dag.py:3696} INFO - Setting next_dagrun for postgres_to_bigquery_etl to None, run_after=None
[2024-08-13T21:57:09.159+0000] {processor.py:179} INFO - Processing /opt/airflow/dags/extract_from_pg.py took 0.219 seconds
[2024-08-13T21:57:39.388+0000] {processor.py:157} INFO - Started process (PID=24941) to work on /opt/airflow/dags/extract_from_pg.py
[2024-08-13T21:57:39.407+0000] {processor.py:829} INFO - Processing file /opt/airflow/dags/extract_from_pg.py for tasks to queue
[2024-08-13T21:57:39.408+0000] {logging_mixin.py:151} INFO - [2024-08-13T21:57:39.408+0000] {dagbag.py:539} INFO - Filling up the DagBag from /opt/airflow/dags/extract_from_pg.py
[2024-08-13T21:57:39.454+0000] {logging_mixin.py:151} WARNING - /home/airflow/.local/lib/python3.8/site-packages/airflow/models/baseoperator.py:437 AirflowProviderDeprecationWarning: `exists_ok` parameter is deprecated, please use `if_exists`
[2024-08-13T21:57:39.478+0000] {processor.py:839} INFO - DAG(s) dict_keys(['postgres_to_bigquery_etl']) retrieved from /opt/airflow/dags/extract_from_pg.py
[2024-08-13T21:57:39.530+0000] {logging_mixin.py:151} INFO - [2024-08-13T21:57:39.529+0000] {dag.py:2915} INFO - Sync 1 DAGs
[2024-08-13T21:57:39.570+0000] {logging_mixin.py:151} INFO - [2024-08-13T21:57:39.569+0000] {dag.py:3696} INFO - Setting next_dagrun for postgres_to_bigquery_etl to None, run_after=None
[2024-08-13T21:57:39.601+0000] {processor.py:179} INFO - Processing /opt/airflow/dags/extract_from_pg.py took 0.218 seconds
[2024-08-13T21:58:09.844+0000] {processor.py:157} INFO - Started process (PID=24949) to work on /opt/airflow/dags/extract_from_pg.py
[2024-08-13T21:58:09.905+0000] {processor.py:829} INFO - Processing file /opt/airflow/dags/extract_from_pg.py for tasks to queue
[2024-08-13T21:58:09.907+0000] {logging_mixin.py:151} INFO - [2024-08-13T21:58:09.906+0000] {dagbag.py:539} INFO - Filling up the DagBag from /opt/airflow/dags/extract_from_pg.py
[2024-08-13T21:58:09.943+0000] {logging_mixin.py:151} WARNING - /home/airflow/.local/lib/python3.8/site-packages/airflow/models/baseoperator.py:437 AirflowProviderDeprecationWarning: `exists_ok` parameter is deprecated, please use `if_exists`
[2024-08-13T21:58:09.968+0000] {processor.py:839} INFO - DAG(s) dict_keys(['postgres_to_bigquery_etl']) retrieved from /opt/airflow/dags/extract_from_pg.py
[2024-08-13T21:58:10.018+0000] {logging_mixin.py:151} INFO - [2024-08-13T21:58:10.017+0000] {dag.py:2915} INFO - Sync 1 DAGs
[2024-08-13T21:58:10.052+0000] {logging_mixin.py:151} INFO - [2024-08-13T21:58:10.052+0000] {dag.py:3696} INFO - Setting next_dagrun for postgres_to_bigquery_etl to None, run_after=None
[2024-08-13T21:58:10.089+0000] {processor.py:179} INFO - Processing /opt/airflow/dags/extract_from_pg.py took 0.253 seconds
[2024-08-13T21:58:40.329+0000] {processor.py:157} INFO - Started process (PID=24957) to work on /opt/airflow/dags/extract_from_pg.py
[2024-08-13T21:58:40.348+0000] {processor.py:829} INFO - Processing file /opt/airflow/dags/extract_from_pg.py for tasks to queue
[2024-08-13T21:58:40.349+0000] {logging_mixin.py:151} INFO - [2024-08-13T21:58:40.349+0000] {dagbag.py:539} INFO - Filling up the DagBag from /opt/airflow/dags/extract_from_pg.py
[2024-08-13T21:58:40.382+0000] {logging_mixin.py:151} WARNING - /home/airflow/.local/lib/python3.8/site-packages/airflow/models/baseoperator.py:437 AirflowProviderDeprecationWarning: `exists_ok` parameter is deprecated, please use `if_exists`
[2024-08-13T21:58:40.412+0000] {processor.py:839} INFO - DAG(s) dict_keys(['postgres_to_bigquery_etl']) retrieved from /opt/airflow/dags/extract_from_pg.py
[2024-08-13T21:58:40.459+0000] {logging_mixin.py:151} INFO - [2024-08-13T21:58:40.458+0000] {dag.py:2915} INFO - Sync 1 DAGs
[2024-08-13T21:58:40.491+0000] {logging_mixin.py:151} INFO - [2024-08-13T21:58:40.491+0000] {dag.py:3696} INFO - Setting next_dagrun for postgres_to_bigquery_etl to None, run_after=None
[2024-08-13T21:58:40.534+0000] {processor.py:179} INFO - Processing /opt/airflow/dags/extract_from_pg.py took 0.212 seconds
[2024-08-13T21:59:10.773+0000] {processor.py:157} INFO - Started process (PID=24965) to work on /opt/airflow/dags/extract_from_pg.py
[2024-08-13T21:59:10.774+0000] {processor.py:829} INFO - Processing file /opt/airflow/dags/extract_from_pg.py for tasks to queue
[2024-08-13T21:59:10.776+0000] {logging_mixin.py:151} INFO - [2024-08-13T21:59:10.775+0000] {dagbag.py:539} INFO - Filling up the DagBag from /opt/airflow/dags/extract_from_pg.py
[2024-08-13T21:59:10.805+0000] {logging_mixin.py:151} WARNING - /home/airflow/.local/lib/python3.8/site-packages/airflow/models/baseoperator.py:437 AirflowProviderDeprecationWarning: `exists_ok` parameter is deprecated, please use `if_exists`
[2024-08-13T21:59:10.826+0000] {processor.py:839} INFO - DAG(s) dict_keys(['postgres_to_bigquery_etl']) retrieved from /opt/airflow/dags/extract_from_pg.py
[2024-08-13T21:59:10.877+0000] {logging_mixin.py:151} INFO - [2024-08-13T21:59:10.877+0000] {dag.py:2915} INFO - Sync 1 DAGs
[2024-08-13T21:59:10.910+0000] {logging_mixin.py:151} INFO - [2024-08-13T21:59:10.910+0000] {dag.py:3696} INFO - Setting next_dagrun for postgres_to_bigquery_etl to None, run_after=None
[2024-08-13T21:59:10.955+0000] {processor.py:179} INFO - Processing /opt/airflow/dags/extract_from_pg.py took 0.188 seconds
[2024-08-13T21:59:41.003+0000] {processor.py:157} INFO - Started process (PID=24972) to work on /opt/airflow/dags/extract_from_pg.py
[2024-08-13T21:59:41.019+0000] {processor.py:829} INFO - Processing file /opt/airflow/dags/extract_from_pg.py for tasks to queue
[2024-08-13T21:59:41.021+0000] {logging_mixin.py:151} INFO - [2024-08-13T21:59:41.020+0000] {dagbag.py:539} INFO - Filling up the DagBag from /opt/airflow/dags/extract_from_pg.py
[2024-08-13T21:59:41.052+0000] {logging_mixin.py:151} WARNING - /home/airflow/.local/lib/python3.8/site-packages/airflow/models/baseoperator.py:437 AirflowProviderDeprecationWarning: `exists_ok` parameter is deprecated, please use `if_exists`
[2024-08-13T21:59:41.073+0000] {processor.py:839} INFO - DAG(s) dict_keys(['postgres_to_bigquery_etl']) retrieved from /opt/airflow/dags/extract_from_pg.py
[2024-08-13T21:59:41.124+0000] {logging_mixin.py:151} INFO - [2024-08-13T21:59:41.124+0000] {dag.py:2915} INFO - Sync 1 DAGs
[2024-08-13T21:59:41.158+0000] {logging_mixin.py:151} INFO - [2024-08-13T21:59:41.157+0000] {dag.py:3696} INFO - Setting next_dagrun for postgres_to_bigquery_etl to None, run_after=None
[2024-08-13T21:59:41.411+0000] {processor.py:179} INFO - Processing /opt/airflow/dags/extract_from_pg.py took 0.413 seconds
[2024-08-13T22:00:11.627+0000] {processor.py:157} INFO - Started process (PID=24980) to work on /opt/airflow/dags/extract_from_pg.py
[2024-08-13T22:00:11.628+0000] {processor.py:829} INFO - Processing file /opt/airflow/dags/extract_from_pg.py for tasks to queue
[2024-08-13T22:00:11.629+0000] {logging_mixin.py:151} INFO - [2024-08-13T22:00:11.629+0000] {dagbag.py:539} INFO - Filling up the DagBag from /opt/airflow/dags/extract_from_pg.py
[2024-08-13T22:00:11.657+0000] {logging_mixin.py:151} WARNING - /home/airflow/.local/lib/python3.8/site-packages/airflow/models/baseoperator.py:437 AirflowProviderDeprecationWarning: `exists_ok` parameter is deprecated, please use `if_exists`
[2024-08-13T22:00:11.679+0000] {processor.py:839} INFO - DAG(s) dict_keys(['postgres_to_bigquery_etl']) retrieved from /opt/airflow/dags/extract_from_pg.py
[2024-08-13T22:00:11.733+0000] {logging_mixin.py:151} INFO - [2024-08-13T22:00:11.733+0000] {dag.py:2915} INFO - Sync 1 DAGs
[2024-08-13T22:00:11.772+0000] {logging_mixin.py:151} INFO - [2024-08-13T22:00:11.771+0000] {dag.py:3696} INFO - Setting next_dagrun for postgres_to_bigquery_etl to None, run_after=None
[2024-08-13T22:00:11.818+0000] {processor.py:179} INFO - Processing /opt/airflow/dags/extract_from_pg.py took 0.196 seconds
[2024-08-13T22:00:42.040+0000] {processor.py:157} INFO - Started process (PID=24988) to work on /opt/airflow/dags/extract_from_pg.py
[2024-08-13T22:00:42.090+0000] {processor.py:829} INFO - Processing file /opt/airflow/dags/extract_from_pg.py for tasks to queue
[2024-08-13T22:00:42.092+0000] {logging_mixin.py:151} INFO - [2024-08-13T22:00:42.091+0000] {dagbag.py:539} INFO - Filling up the DagBag from /opt/airflow/dags/extract_from_pg.py
[2024-08-13T22:00:42.127+0000] {logging_mixin.py:151} WARNING - /home/airflow/.local/lib/python3.8/site-packages/airflow/models/baseoperator.py:437 AirflowProviderDeprecationWarning: `exists_ok` parameter is deprecated, please use `if_exists`
[2024-08-13T22:00:42.151+0000] {processor.py:839} INFO - DAG(s) dict_keys(['postgres_to_bigquery_etl']) retrieved from /opt/airflow/dags/extract_from_pg.py
[2024-08-13T22:00:42.204+0000] {logging_mixin.py:151} INFO - [2024-08-13T22:00:42.204+0000] {dag.py:2915} INFO - Sync 1 DAGs
[2024-08-13T22:00:42.238+0000] {logging_mixin.py:151} INFO - [2024-08-13T22:00:42.237+0000] {dag.py:3696} INFO - Setting next_dagrun for postgres_to_bigquery_etl to None, run_after=None
[2024-08-13T22:00:42.283+0000] {processor.py:179} INFO - Processing /opt/airflow/dags/extract_from_pg.py took 0.249 seconds
[2024-08-13T22:01:12.515+0000] {processor.py:157} INFO - Started process (PID=24996) to work on /opt/airflow/dags/extract_from_pg.py
[2024-08-13T22:01:12.516+0000] {processor.py:829} INFO - Processing file /opt/airflow/dags/extract_from_pg.py for tasks to queue
[2024-08-13T22:01:12.517+0000] {logging_mixin.py:151} INFO - [2024-08-13T22:01:12.517+0000] {dagbag.py:539} INFO - Filling up the DagBag from /opt/airflow/dags/extract_from_pg.py
[2024-08-13T22:01:12.544+0000] {logging_mixin.py:151} WARNING - /home/airflow/.local/lib/python3.8/site-packages/airflow/models/baseoperator.py:437 AirflowProviderDeprecationWarning: `exists_ok` parameter is deprecated, please use `if_exists`
[2024-08-13T22:01:12.564+0000] {processor.py:839} INFO - DAG(s) dict_keys(['postgres_to_bigquery_etl']) retrieved from /opt/airflow/dags/extract_from_pg.py
[2024-08-13T22:01:12.612+0000] {logging_mixin.py:151} INFO - [2024-08-13T22:01:12.611+0000] {dag.py:2915} INFO - Sync 1 DAGs
[2024-08-13T22:01:12.645+0000] {logging_mixin.py:151} INFO - [2024-08-13T22:01:12.644+0000] {dag.py:3696} INFO - Setting next_dagrun for postgres_to_bigquery_etl to None, run_after=None
[2024-08-13T22:01:12.692+0000] {processor.py:179} INFO - Processing /opt/airflow/dags/extract_from_pg.py took 0.183 seconds
[2024-08-13T22:01:42.776+0000] {processor.py:157} INFO - Started process (PID=25004) to work on /opt/airflow/dags/extract_from_pg.py
[2024-08-13T22:01:42.820+0000] {processor.py:829} INFO - Processing file /opt/airflow/dags/extract_from_pg.py for tasks to queue
[2024-08-13T22:01:42.821+0000] {logging_mixin.py:151} INFO - [2024-08-13T22:01:42.821+0000] {dagbag.py:539} INFO - Filling up the DagBag from /opt/airflow/dags/extract_from_pg.py
[2024-08-13T22:01:42.848+0000] {logging_mixin.py:151} WARNING - /home/airflow/.local/lib/python3.8/site-packages/airflow/models/baseoperator.py:437 AirflowProviderDeprecationWarning: `exists_ok` parameter is deprecated, please use `if_exists`
[2024-08-13T22:01:42.869+0000] {processor.py:839} INFO - DAG(s) dict_keys(['postgres_to_bigquery_etl']) retrieved from /opt/airflow/dags/extract_from_pg.py
[2024-08-13T22:01:42.923+0000] {logging_mixin.py:151} INFO - [2024-08-13T22:01:42.922+0000] {dag.py:2915} INFO - Sync 1 DAGs
[2024-08-13T22:01:42.957+0000] {logging_mixin.py:151} INFO - [2024-08-13T22:01:42.957+0000] {dag.py:3696} INFO - Setting next_dagrun for postgres_to_bigquery_etl to None, run_after=None
[2024-08-13T22:01:43.004+0000] {processor.py:179} INFO - Processing /opt/airflow/dags/extract_from_pg.py took 0.233 seconds
[2024-08-13T22:02:13.118+0000] {processor.py:157} INFO - Started process (PID=25012) to work on /opt/airflow/dags/extract_from_pg.py
[2024-08-13T22:02:13.119+0000] {processor.py:829} INFO - Processing file /opt/airflow/dags/extract_from_pg.py for tasks to queue
[2024-08-13T22:02:13.120+0000] {logging_mixin.py:151} INFO - [2024-08-13T22:02:13.120+0000] {dagbag.py:539} INFO - Filling up the DagBag from /opt/airflow/dags/extract_from_pg.py
[2024-08-13T22:02:13.147+0000] {logging_mixin.py:151} WARNING - /home/airflow/.local/lib/python3.8/site-packages/airflow/models/baseoperator.py:437 AirflowProviderDeprecationWarning: `exists_ok` parameter is deprecated, please use `if_exists`
[2024-08-13T22:02:13.167+0000] {processor.py:839} INFO - DAG(s) dict_keys(['postgres_to_bigquery_etl']) retrieved from /opt/airflow/dags/extract_from_pg.py
[2024-08-13T22:02:13.214+0000] {logging_mixin.py:151} INFO - [2024-08-13T22:02:13.214+0000] {dag.py:2915} INFO - Sync 1 DAGs
[2024-08-13T22:02:13.250+0000] {logging_mixin.py:151} INFO - [2024-08-13T22:02:13.250+0000] {dag.py:3696} INFO - Setting next_dagrun for postgres_to_bigquery_etl to None, run_after=None
[2024-08-13T22:02:13.289+0000] {processor.py:179} INFO - Processing /opt/airflow/dags/extract_from_pg.py took 0.176 seconds
[2024-08-13T22:02:43.463+0000] {processor.py:157} INFO - Started process (PID=25021) to work on /opt/airflow/dags/extract_from_pg.py
[2024-08-13T22:02:43.478+0000] {processor.py:829} INFO - Processing file /opt/airflow/dags/extract_from_pg.py for tasks to queue
[2024-08-13T22:02:43.480+0000] {logging_mixin.py:151} INFO - [2024-08-13T22:02:43.479+0000] {dagbag.py:539} INFO - Filling up the DagBag from /opt/airflow/dags/extract_from_pg.py
[2024-08-13T22:02:43.514+0000] {logging_mixin.py:151} WARNING - /home/airflow/.local/lib/python3.8/site-packages/airflow/models/baseoperator.py:437 AirflowProviderDeprecationWarning: `exists_ok` parameter is deprecated, please use `if_exists`
[2024-08-13T22:02:43.535+0000] {processor.py:839} INFO - DAG(s) dict_keys(['postgres_to_bigquery_etl']) retrieved from /opt/airflow/dags/extract_from_pg.py
[2024-08-13T22:02:43.596+0000] {logging_mixin.py:151} INFO - [2024-08-13T22:02:43.596+0000] {dag.py:2915} INFO - Sync 1 DAGs
[2024-08-13T22:02:43.636+0000] {logging_mixin.py:151} INFO - [2024-08-13T22:02:43.636+0000] {dag.py:3696} INFO - Setting next_dagrun for postgres_to_bigquery_etl to None, run_after=None
[2024-08-13T22:02:43.676+0000] {processor.py:179} INFO - Processing /opt/airflow/dags/extract_from_pg.py took 0.220 seconds
[2024-08-13T22:03:13.901+0000] {processor.py:157} INFO - Started process (PID=25029) to work on /opt/airflow/dags/extract_from_pg.py
[2024-08-13T22:03:13.902+0000] {processor.py:829} INFO - Processing file /opt/airflow/dags/extract_from_pg.py for tasks to queue
[2024-08-13T22:03:13.904+0000] {logging_mixin.py:151} INFO - [2024-08-13T22:03:13.904+0000] {dagbag.py:539} INFO - Filling up the DagBag from /opt/airflow/dags/extract_from_pg.py
[2024-08-13T22:03:13.956+0000] {logging_mixin.py:151} WARNING - /home/airflow/.local/lib/python3.8/site-packages/airflow/models/baseoperator.py:437 AirflowProviderDeprecationWarning: `exists_ok` parameter is deprecated, please use `if_exists`
[2024-08-13T22:03:13.988+0000] {processor.py:839} INFO - DAG(s) dict_keys(['postgres_to_bigquery_etl']) retrieved from /opt/airflow/dags/extract_from_pg.py
[2024-08-13T22:03:14.043+0000] {logging_mixin.py:151} INFO - [2024-08-13T22:03:14.042+0000] {dag.py:2915} INFO - Sync 1 DAGs
[2024-08-13T22:03:14.078+0000] {logging_mixin.py:151} INFO - [2024-08-13T22:03:14.077+0000] {dag.py:3696} INFO - Setting next_dagrun for postgres_to_bigquery_etl to None, run_after=None
[2024-08-13T22:03:14.121+0000] {processor.py:179} INFO - Processing /opt/airflow/dags/extract_from_pg.py took 0.229 seconds
[2024-08-13T22:03:44.352+0000] {processor.py:157} INFO - Started process (PID=25037) to work on /opt/airflow/dags/extract_from_pg.py
[2024-08-13T22:03:44.366+0000] {processor.py:829} INFO - Processing file /opt/airflow/dags/extract_from_pg.py for tasks to queue
[2024-08-13T22:03:44.367+0000] {logging_mixin.py:151} INFO - [2024-08-13T22:03:44.367+0000] {dagbag.py:539} INFO - Filling up the DagBag from /opt/airflow/dags/extract_from_pg.py
[2024-08-13T22:03:44.400+0000] {logging_mixin.py:151} WARNING - /home/airflow/.local/lib/python3.8/site-packages/airflow/models/baseoperator.py:437 AirflowProviderDeprecationWarning: `exists_ok` parameter is deprecated, please use `if_exists`
[2024-08-13T22:03:44.421+0000] {processor.py:839} INFO - DAG(s) dict_keys(['postgres_to_bigquery_etl']) retrieved from /opt/airflow/dags/extract_from_pg.py
[2024-08-13T22:03:44.472+0000] {logging_mixin.py:151} INFO - [2024-08-13T22:03:44.472+0000] {dag.py:2915} INFO - Sync 1 DAGs
[2024-08-13T22:03:44.532+0000] {logging_mixin.py:151} INFO - [2024-08-13T22:03:44.531+0000] {dag.py:3696} INFO - Setting next_dagrun for postgres_to_bigquery_etl to None, run_after=None
[2024-08-13T22:03:44.601+0000] {processor.py:179} INFO - Processing /opt/airflow/dags/extract_from_pg.py took 0.255 seconds
[2024-08-13T22:04:14.826+0000] {processor.py:157} INFO - Started process (PID=25045) to work on /opt/airflow/dags/extract_from_pg.py
[2024-08-13T22:04:14.827+0000] {processor.py:829} INFO - Processing file /opt/airflow/dags/extract_from_pg.py for tasks to queue
[2024-08-13T22:04:14.828+0000] {logging_mixin.py:151} INFO - [2024-08-13T22:04:14.828+0000] {dagbag.py:539} INFO - Filling up the DagBag from /opt/airflow/dags/extract_from_pg.py
[2024-08-13T22:04:14.861+0000] {logging_mixin.py:151} WARNING - /home/airflow/.local/lib/python3.8/site-packages/airflow/models/baseoperator.py:437 AirflowProviderDeprecationWarning: `exists_ok` parameter is deprecated, please use `if_exists`
[2024-08-13T22:04:14.882+0000] {processor.py:839} INFO - DAG(s) dict_keys(['postgres_to_bigquery_etl']) retrieved from /opt/airflow/dags/extract_from_pg.py
[2024-08-13T22:04:14.931+0000] {logging_mixin.py:151} INFO - [2024-08-13T22:04:14.931+0000] {dag.py:2915} INFO - Sync 1 DAGs
[2024-08-13T22:04:14.971+0000] {logging_mixin.py:151} INFO - [2024-08-13T22:04:14.971+0000] {dag.py:3696} INFO - Setting next_dagrun for postgres_to_bigquery_etl to None, run_after=None
[2024-08-13T22:04:15.338+0000] {processor.py:179} INFO - Processing /opt/airflow/dags/extract_from_pg.py took 0.518 seconds
[2024-08-13T22:04:45.602+0000] {processor.py:157} INFO - Started process (PID=25053) to work on /opt/airflow/dags/extract_from_pg.py
[2024-08-13T22:04:45.616+0000] {processor.py:829} INFO - Processing file /opt/airflow/dags/extract_from_pg.py for tasks to queue
[2024-08-13T22:04:45.618+0000] {logging_mixin.py:151} INFO - [2024-08-13T22:04:45.617+0000] {dagbag.py:539} INFO - Filling up the DagBag from /opt/airflow/dags/extract_from_pg.py
[2024-08-13T22:04:45.661+0000] {logging_mixin.py:151} WARNING - /home/airflow/.local/lib/python3.8/site-packages/airflow/models/baseoperator.py:437 AirflowProviderDeprecationWarning: `exists_ok` parameter is deprecated, please use `if_exists`
[2024-08-13T22:04:45.696+0000] {processor.py:839} INFO - DAG(s) dict_keys(['postgres_to_bigquery_etl']) retrieved from /opt/airflow/dags/extract_from_pg.py
[2024-08-13T22:04:45.776+0000] {logging_mixin.py:151} INFO - [2024-08-13T22:04:45.775+0000] {dag.py:2915} INFO - Sync 1 DAGs
[2024-08-13T22:04:45.821+0000] {logging_mixin.py:151} INFO - [2024-08-13T22:04:45.820+0000] {dag.py:3696} INFO - Setting next_dagrun for postgres_to_bigquery_etl to None, run_after=None
[2024-08-13T22:04:45.869+0000] {processor.py:179} INFO - Processing /opt/airflow/dags/extract_from_pg.py took 0.276 seconds
[2024-08-13T22:05:16.111+0000] {processor.py:157} INFO - Started process (PID=25060) to work on /opt/airflow/dags/extract_from_pg.py
[2024-08-13T22:05:16.112+0000] {processor.py:829} INFO - Processing file /opt/airflow/dags/extract_from_pg.py for tasks to queue
[2024-08-13T22:05:16.114+0000] {logging_mixin.py:151} INFO - [2024-08-13T22:05:16.113+0000] {dagbag.py:539} INFO - Filling up the DagBag from /opt/airflow/dags/extract_from_pg.py
[2024-08-13T22:05:16.164+0000] {logging_mixin.py:151} WARNING - /home/airflow/.local/lib/python3.8/site-packages/airflow/models/baseoperator.py:437 AirflowProviderDeprecationWarning: `exists_ok` parameter is deprecated, please use `if_exists`
[2024-08-13T22:05:16.203+0000] {processor.py:839} INFO - DAG(s) dict_keys(['postgres_to_bigquery_etl']) retrieved from /opt/airflow/dags/extract_from_pg.py
[2024-08-13T22:05:16.284+0000] {logging_mixin.py:151} INFO - [2024-08-13T22:05:16.283+0000] {dag.py:2915} INFO - Sync 1 DAGs
[2024-08-13T22:05:16.347+0000] {logging_mixin.py:151} INFO - [2024-08-13T22:05:16.347+0000] {dag.py:3696} INFO - Setting next_dagrun for postgres_to_bigquery_etl to None, run_after=None
[2024-08-13T22:05:16.390+0000] {processor.py:179} INFO - Processing /opt/airflow/dags/extract_from_pg.py took 0.285 seconds
[2024-08-13T22:05:46.626+0000] {processor.py:157} INFO - Started process (PID=25068) to work on /opt/airflow/dags/extract_from_pg.py
[2024-08-13T22:05:46.666+0000] {processor.py:829} INFO - Processing file /opt/airflow/dags/extract_from_pg.py for tasks to queue
[2024-08-13T22:05:46.668+0000] {logging_mixin.py:151} INFO - [2024-08-13T22:05:46.667+0000] {dagbag.py:539} INFO - Filling up the DagBag from /opt/airflow/dags/extract_from_pg.py
[2024-08-13T22:05:46.696+0000] {logging_mixin.py:151} WARNING - /home/airflow/.local/lib/python3.8/site-packages/airflow/models/baseoperator.py:437 AirflowProviderDeprecationWarning: `exists_ok` parameter is deprecated, please use `if_exists`
[2024-08-13T22:05:46.717+0000] {processor.py:839} INFO - DAG(s) dict_keys(['postgres_to_bigquery_etl']) retrieved from /opt/airflow/dags/extract_from_pg.py
[2024-08-13T22:05:46.773+0000] {logging_mixin.py:151} INFO - [2024-08-13T22:05:46.773+0000] {dag.py:2915} INFO - Sync 1 DAGs
[2024-08-13T22:05:46.850+0000] {logging_mixin.py:151} INFO - [2024-08-13T22:05:46.849+0000] {dag.py:3696} INFO - Setting next_dagrun for postgres_to_bigquery_etl to None, run_after=None
[2024-08-13T22:05:46.914+0000] {processor.py:179} INFO - Processing /opt/airflow/dags/extract_from_pg.py took 0.294 seconds
[2024-08-13T22:06:17.166+0000] {processor.py:157} INFO - Started process (PID=25076) to work on /opt/airflow/dags/extract_from_pg.py
[2024-08-13T22:06:17.168+0000] {processor.py:829} INFO - Processing file /opt/airflow/dags/extract_from_pg.py for tasks to queue
[2024-08-13T22:06:17.169+0000] {logging_mixin.py:151} INFO - [2024-08-13T22:06:17.168+0000] {dagbag.py:539} INFO - Filling up the DagBag from /opt/airflow/dags/extract_from_pg.py
[2024-08-13T22:06:17.200+0000] {logging_mixin.py:151} WARNING - /home/airflow/.local/lib/python3.8/site-packages/airflow/models/baseoperator.py:437 AirflowProviderDeprecationWarning: `exists_ok` parameter is deprecated, please use `if_exists`
[2024-08-13T22:06:17.225+0000] {processor.py:839} INFO - DAG(s) dict_keys(['postgres_to_bigquery_etl']) retrieved from /opt/airflow/dags/extract_from_pg.py
[2024-08-13T22:06:17.275+0000] {logging_mixin.py:151} INFO - [2024-08-13T22:06:17.274+0000] {dag.py:2915} INFO - Sync 1 DAGs
[2024-08-13T22:06:17.308+0000] {logging_mixin.py:151} INFO - [2024-08-13T22:06:17.308+0000] {dag.py:3696} INFO - Setting next_dagrun for postgres_to_bigquery_etl to None, run_after=None
[2024-08-13T22:06:17.351+0000] {processor.py:179} INFO - Processing /opt/airflow/dags/extract_from_pg.py took 0.191 seconds
[2024-08-13T22:06:47.411+0000] {processor.py:157} INFO - Started process (PID=25084) to work on /opt/airflow/dags/extract_from_pg.py
[2024-08-13T22:06:47.418+0000] {processor.py:829} INFO - Processing file /opt/airflow/dags/extract_from_pg.py for tasks to queue
[2024-08-13T22:06:47.420+0000] {logging_mixin.py:151} INFO - [2024-08-13T22:06:47.419+0000] {dagbag.py:539} INFO - Filling up the DagBag from /opt/airflow/dags/extract_from_pg.py
[2024-08-13T22:06:47.452+0000] {logging_mixin.py:151} WARNING - /home/airflow/.local/lib/python3.8/site-packages/airflow/models/baseoperator.py:437 AirflowProviderDeprecationWarning: `exists_ok` parameter is deprecated, please use `if_exists`
[2024-08-13T22:06:47.474+0000] {processor.py:839} INFO - DAG(s) dict_keys(['postgres_to_bigquery_etl']) retrieved from /opt/airflow/dags/extract_from_pg.py
[2024-08-13T22:06:47.525+0000] {logging_mixin.py:151} INFO - [2024-08-13T22:06:47.525+0000] {dag.py:2915} INFO - Sync 1 DAGs
[2024-08-13T22:06:47.560+0000] {logging_mixin.py:151} INFO - [2024-08-13T22:06:47.560+0000] {dag.py:3696} INFO - Setting next_dagrun for postgres_to_bigquery_etl to None, run_after=None
[2024-08-13T22:06:47.858+0000] {processor.py:179} INFO - Processing /opt/airflow/dags/extract_from_pg.py took 0.453 seconds
[2024-08-13T22:07:18.093+0000] {processor.py:157} INFO - Started process (PID=25092) to work on /opt/airflow/dags/extract_from_pg.py
[2024-08-13T22:07:18.094+0000] {processor.py:829} INFO - Processing file /opt/airflow/dags/extract_from_pg.py for tasks to queue
[2024-08-13T22:07:18.095+0000] {logging_mixin.py:151} INFO - [2024-08-13T22:07:18.095+0000] {dagbag.py:539} INFO - Filling up the DagBag from /opt/airflow/dags/extract_from_pg.py
[2024-08-13T22:07:18.123+0000] {logging_mixin.py:151} WARNING - /home/airflow/.local/lib/python3.8/site-packages/airflow/models/baseoperator.py:437 AirflowProviderDeprecationWarning: `exists_ok` parameter is deprecated, please use `if_exists`
[2024-08-13T22:07:18.144+0000] {processor.py:839} INFO - DAG(s) dict_keys(['postgres_to_bigquery_etl']) retrieved from /opt/airflow/dags/extract_from_pg.py
[2024-08-13T22:07:18.209+0000] {logging_mixin.py:151} INFO - [2024-08-13T22:07:18.208+0000] {dag.py:2915} INFO - Sync 1 DAGs
[2024-08-13T22:07:18.248+0000] {logging_mixin.py:151} INFO - [2024-08-13T22:07:18.247+0000] {dag.py:3696} INFO - Setting next_dagrun for postgres_to_bigquery_etl to None, run_after=None
[2024-08-13T22:07:18.324+0000] {processor.py:179} INFO - Processing /opt/airflow/dags/extract_from_pg.py took 0.236 seconds
[2024-08-13T22:07:48.610+0000] {processor.py:157} INFO - Started process (PID=25101) to work on /opt/airflow/dags/extract_from_pg.py
[2024-08-13T22:07:48.623+0000] {processor.py:829} INFO - Processing file /opt/airflow/dags/extract_from_pg.py for tasks to queue
[2024-08-13T22:07:48.624+0000] {logging_mixin.py:151} INFO - [2024-08-13T22:07:48.624+0000] {dagbag.py:539} INFO - Filling up the DagBag from /opt/airflow/dags/extract_from_pg.py
[2024-08-13T22:07:48.660+0000] {logging_mixin.py:151} WARNING - /home/airflow/.local/lib/python3.8/site-packages/airflow/models/baseoperator.py:437 AirflowProviderDeprecationWarning: `exists_ok` parameter is deprecated, please use `if_exists`
[2024-08-13T22:07:48.683+0000] {processor.py:839} INFO - DAG(s) dict_keys(['postgres_to_bigquery_etl']) retrieved from /opt/airflow/dags/extract_from_pg.py
[2024-08-13T22:07:48.733+0000] {logging_mixin.py:151} INFO - [2024-08-13T22:07:48.733+0000] {dag.py:2915} INFO - Sync 1 DAGs
[2024-08-13T22:07:48.766+0000] {logging_mixin.py:151} INFO - [2024-08-13T22:07:48.766+0000] {dag.py:3696} INFO - Setting next_dagrun for postgres_to_bigquery_etl to None, run_after=None
[2024-08-13T22:07:48.810+0000] {processor.py:179} INFO - Processing /opt/airflow/dags/extract_from_pg.py took 0.207 seconds
[2024-08-13T22:08:19.051+0000] {processor.py:157} INFO - Started process (PID=25109) to work on /opt/airflow/dags/extract_from_pg.py
[2024-08-13T22:08:19.053+0000] {processor.py:829} INFO - Processing file /opt/airflow/dags/extract_from_pg.py for tasks to queue
[2024-08-13T22:08:19.054+0000] {logging_mixin.py:151} INFO - [2024-08-13T22:08:19.053+0000] {dagbag.py:539} INFO - Filling up the DagBag from /opt/airflow/dags/extract_from_pg.py
[2024-08-13T22:08:19.083+0000] {logging_mixin.py:151} WARNING - /home/airflow/.local/lib/python3.8/site-packages/airflow/models/baseoperator.py:437 AirflowProviderDeprecationWarning: `exists_ok` parameter is deprecated, please use `if_exists`
[2024-08-13T22:08:19.103+0000] {processor.py:839} INFO - DAG(s) dict_keys(['postgres_to_bigquery_etl']) retrieved from /opt/airflow/dags/extract_from_pg.py
[2024-08-13T22:08:19.150+0000] {logging_mixin.py:151} INFO - [2024-08-13T22:08:19.150+0000] {dag.py:2915} INFO - Sync 1 DAGs
[2024-08-13T22:08:19.183+0000] {logging_mixin.py:151} INFO - [2024-08-13T22:08:19.183+0000] {dag.py:3696} INFO - Setting next_dagrun for postgres_to_bigquery_etl to None, run_after=None
[2024-08-13T22:08:19.243+0000] {processor.py:179} INFO - Processing /opt/airflow/dags/extract_from_pg.py took 0.197 seconds
[2024-08-13T22:08:49.478+0000] {processor.py:157} INFO - Started process (PID=25117) to work on /opt/airflow/dags/extract_from_pg.py
[2024-08-13T22:08:49.483+0000] {processor.py:829} INFO - Processing file /opt/airflow/dags/extract_from_pg.py for tasks to queue
[2024-08-13T22:08:49.485+0000] {logging_mixin.py:151} INFO - [2024-08-13T22:08:49.484+0000] {dagbag.py:539} INFO - Filling up the DagBag from /opt/airflow/dags/extract_from_pg.py
[2024-08-13T22:08:49.517+0000] {logging_mixin.py:151} WARNING - /home/airflow/.local/lib/python3.8/site-packages/airflow/models/baseoperator.py:437 AirflowProviderDeprecationWarning: `exists_ok` parameter is deprecated, please use `if_exists`
[2024-08-13T22:08:49.537+0000] {processor.py:839} INFO - DAG(s) dict_keys(['postgres_to_bigquery_etl']) retrieved from /opt/airflow/dags/extract_from_pg.py
[2024-08-13T22:08:49.585+0000] {logging_mixin.py:151} INFO - [2024-08-13T22:08:49.585+0000] {dag.py:2915} INFO - Sync 1 DAGs
[2024-08-13T22:08:49.618+0000] {logging_mixin.py:151} INFO - [2024-08-13T22:08:49.618+0000] {dag.py:3696} INFO - Setting next_dagrun for postgres_to_bigquery_etl to None, run_after=None
[2024-08-13T22:08:49.664+0000] {processor.py:179} INFO - Processing /opt/airflow/dags/extract_from_pg.py took 0.193 seconds
[2024-08-13T22:09:19.899+0000] {processor.py:157} INFO - Started process (PID=25125) to work on /opt/airflow/dags/extract_from_pg.py
[2024-08-13T22:09:19.901+0000] {processor.py:829} INFO - Processing file /opt/airflow/dags/extract_from_pg.py for tasks to queue
[2024-08-13T22:09:19.902+0000] {logging_mixin.py:151} INFO - [2024-08-13T22:09:19.902+0000] {dagbag.py:539} INFO - Filling up the DagBag from /opt/airflow/dags/extract_from_pg.py
[2024-08-13T22:09:19.932+0000] {logging_mixin.py:151} WARNING - /home/airflow/.local/lib/python3.8/site-packages/airflow/models/baseoperator.py:437 AirflowProviderDeprecationWarning: `exists_ok` parameter is deprecated, please use `if_exists`
[2024-08-13T22:09:19.953+0000] {processor.py:839} INFO - DAG(s) dict_keys(['postgres_to_bigquery_etl']) retrieved from /opt/airflow/dags/extract_from_pg.py
[2024-08-13T22:09:20.000+0000] {logging_mixin.py:151} INFO - [2024-08-13T22:09:20.000+0000] {dag.py:2915} INFO - Sync 1 DAGs
[2024-08-13T22:09:20.038+0000] {logging_mixin.py:151} INFO - [2024-08-13T22:09:20.038+0000] {dag.py:3696} INFO - Setting next_dagrun for postgres_to_bigquery_etl to None, run_after=None
[2024-08-13T22:09:20.290+0000] {processor.py:179} INFO - Processing /opt/airflow/dags/extract_from_pg.py took 0.397 seconds
[2024-08-13T22:09:50.522+0000] {processor.py:157} INFO - Started process (PID=25132) to work on /opt/airflow/dags/extract_from_pg.py
[2024-08-13T22:09:50.533+0000] {processor.py:829} INFO - Processing file /opt/airflow/dags/extract_from_pg.py for tasks to queue
[2024-08-13T22:09:50.534+0000] {logging_mixin.py:151} INFO - [2024-08-13T22:09:50.534+0000] {dagbag.py:539} INFO - Filling up the DagBag from /opt/airflow/dags/extract_from_pg.py
[2024-08-13T22:09:50.567+0000] {logging_mixin.py:151} WARNING - /home/airflow/.local/lib/python3.8/site-packages/airflow/models/baseoperator.py:437 AirflowProviderDeprecationWarning: `exists_ok` parameter is deprecated, please use `if_exists`
[2024-08-13T22:09:50.589+0000] {processor.py:839} INFO - DAG(s) dict_keys(['postgres_to_bigquery_etl']) retrieved from /opt/airflow/dags/extract_from_pg.py
[2024-08-13T22:09:50.637+0000] {logging_mixin.py:151} INFO - [2024-08-13T22:09:50.637+0000] {dag.py:2915} INFO - Sync 1 DAGs
[2024-08-13T22:09:50.670+0000] {logging_mixin.py:151} INFO - [2024-08-13T22:09:50.670+0000] {dag.py:3696} INFO - Setting next_dagrun for postgres_to_bigquery_etl to None, run_after=None
[2024-08-13T22:09:50.723+0000] {processor.py:179} INFO - Processing /opt/airflow/dags/extract_from_pg.py took 0.207 seconds
[2024-08-13T22:10:20.960+0000] {processor.py:157} INFO - Started process (PID=25139) to work on /opt/airflow/dags/extract_from_pg.py
[2024-08-13T22:10:20.962+0000] {processor.py:829} INFO - Processing file /opt/airflow/dags/extract_from_pg.py for tasks to queue
[2024-08-13T22:10:20.963+0000] {logging_mixin.py:151} INFO - [2024-08-13T22:10:20.962+0000] {dagbag.py:539} INFO - Filling up the DagBag from /opt/airflow/dags/extract_from_pg.py
[2024-08-13T22:10:20.991+0000] {logging_mixin.py:151} WARNING - /home/airflow/.local/lib/python3.8/site-packages/airflow/models/baseoperator.py:437 AirflowProviderDeprecationWarning: `exists_ok` parameter is deprecated, please use `if_exists`
[2024-08-13T22:10:21.011+0000] {processor.py:839} INFO - DAG(s) dict_keys(['postgres_to_bigquery_etl']) retrieved from /opt/airflow/dags/extract_from_pg.py
[2024-08-13T22:10:21.064+0000] {logging_mixin.py:151} INFO - [2024-08-13T22:10:21.063+0000] {dag.py:2915} INFO - Sync 1 DAGs
[2024-08-13T22:10:21.098+0000] {logging_mixin.py:151} INFO - [2024-08-13T22:10:21.098+0000] {dag.py:3696} INFO - Setting next_dagrun for postgres_to_bigquery_etl to None, run_after=None
[2024-08-13T22:10:21.142+0000] {processor.py:179} INFO - Processing /opt/airflow/dags/extract_from_pg.py took 0.187 seconds
[2024-08-13T22:10:51.355+0000] {processor.py:157} INFO - Started process (PID=25146) to work on /opt/airflow/dags/extract_from_pg.py
[2024-08-13T22:10:51.395+0000] {processor.py:829} INFO - Processing file /opt/airflow/dags/extract_from_pg.py for tasks to queue
[2024-08-13T22:10:51.397+0000] {logging_mixin.py:151} INFO - [2024-08-13T22:10:51.396+0000] {dagbag.py:539} INFO - Filling up the DagBag from /opt/airflow/dags/extract_from_pg.py
[2024-08-13T22:10:51.432+0000] {logging_mixin.py:151} WARNING - /home/airflow/.local/lib/python3.8/site-packages/airflow/models/baseoperator.py:437 AirflowProviderDeprecationWarning: `exists_ok` parameter is deprecated, please use `if_exists`
[2024-08-13T22:10:51.454+0000] {processor.py:839} INFO - DAG(s) dict_keys(['postgres_to_bigquery_etl']) retrieved from /opt/airflow/dags/extract_from_pg.py
[2024-08-13T22:10:51.504+0000] {logging_mixin.py:151} INFO - [2024-08-13T22:10:51.504+0000] {dag.py:2915} INFO - Sync 1 DAGs
[2024-08-13T22:10:51.544+0000] {logging_mixin.py:151} INFO - [2024-08-13T22:10:51.544+0000] {dag.py:3696} INFO - Setting next_dagrun for postgres_to_bigquery_etl to None, run_after=None
[2024-08-13T22:10:51.596+0000] {processor.py:179} INFO - Processing /opt/airflow/dags/extract_from_pg.py took 0.246 seconds
[2024-08-13T22:11:21.839+0000] {processor.py:157} INFO - Started process (PID=25153) to work on /opt/airflow/dags/extract_from_pg.py
[2024-08-13T22:11:21.840+0000] {processor.py:829} INFO - Processing file /opt/airflow/dags/extract_from_pg.py for tasks to queue
[2024-08-13T22:11:21.842+0000] {logging_mixin.py:151} INFO - [2024-08-13T22:11:21.842+0000] {dagbag.py:539} INFO - Filling up the DagBag from /opt/airflow/dags/extract_from_pg.py
[2024-08-13T22:11:21.880+0000] {logging_mixin.py:151} WARNING - /home/airflow/.local/lib/python3.8/site-packages/airflow/models/baseoperator.py:437 AirflowProviderDeprecationWarning: `exists_ok` parameter is deprecated, please use `if_exists`
[2024-08-13T22:11:21.901+0000] {processor.py:839} INFO - DAG(s) dict_keys(['postgres_to_bigquery_etl']) retrieved from /opt/airflow/dags/extract_from_pg.py
[2024-08-13T22:11:21.951+0000] {logging_mixin.py:151} INFO - [2024-08-13T22:11:21.950+0000] {dag.py:2915} INFO - Sync 1 DAGs
[2024-08-13T22:11:21.985+0000] {logging_mixin.py:151} INFO - [2024-08-13T22:11:21.985+0000] {dag.py:3696} INFO - Setting next_dagrun for postgres_to_bigquery_etl to None, run_after=None
[2024-08-13T22:11:22.039+0000] {processor.py:179} INFO - Processing /opt/airflow/dags/extract_from_pg.py took 0.209 seconds
