[2024-08-15T05:49:49.977+0000] {taskinstance.py:1157} INFO - Dependencies all met for dep_context=non-requeueable deps ti=<TaskInstance: postgres_to_bigquery_etl.process_olist_orders.load_olist_orders_to_gcs manual__2024-08-15T04:06:26.658756+00:00 [queued]>
[2024-08-15T05:49:50.009+0000] {taskinstance.py:1157} INFO - Dependencies all met for dep_context=requeueable deps ti=<TaskInstance: postgres_to_bigquery_etl.process_olist_orders.load_olist_orders_to_gcs manual__2024-08-15T04:06:26.658756+00:00 [queued]>
[2024-08-15T05:49:50.011+0000] {taskinstance.py:1359} INFO - Starting attempt 8 of 11
[2024-08-15T05:49:50.317+0000] {taskinstance.py:1380} INFO - Executing <Task(PostgresToGCSOperator): process_olist_orders.load_olist_orders_to_gcs> on 2024-08-15 04:06:26.658756+00:00
[2024-08-15T05:49:50.393+0000] {standard_task_runner.py:57} INFO - Started process 35256 to run task
[2024-08-15T05:49:50.403+0000] {standard_task_runner.py:84} INFO - Running: ['***', 'tasks', 'run', 'postgres_to_bigquery_etl', 'process_olist_orders.load_olist_orders_to_gcs', 'manual__2024-08-15T04:06:26.658756+00:00', '--job-id', '616', '--raw', '--subdir', 'DAGS_FOLDER/extract_from_pg.py', '--cfg-path', '/tmp/tmp2z0taov5']
[2024-08-15T05:49:50.409+0000] {standard_task_runner.py:85} INFO - Job 616: Subtask process_olist_orders.load_olist_orders_to_gcs
[2024-08-15T05:49:50.671+0000] {task_command.py:415} INFO - Running <TaskInstance: postgres_to_bigquery_etl.process_olist_orders.load_olist_orders_to_gcs manual__2024-08-15T04:06:26.658756+00:00 [running]> on host d81d956e7878
[2024-08-15T05:49:51.024+0000] {warnings.py:109} WARNING - /home/***/.local/lib/python3.8/site-packages/***/utils/context.py:206: AirflowContextDeprecationWarning: Accessing 'execution_date' from the template is deprecated and will be removed in a future version. Please use 'data_interval_start' or 'logical_date' instead.
  warnings.warn(_create_deprecation_warning(key, self._deprecation_replacements[key]))

[2024-08-15T05:49:51.103+0000] {taskinstance.py:1660} INFO - Exporting env vars: AIRFLOW_CTX_DAG_OWNER='***' AIRFLOW_CTX_DAG_ID='postgres_to_bigquery_etl' AIRFLOW_CTX_TASK_ID='process_olist_orders.load_olist_orders_to_gcs' AIRFLOW_CTX_EXECUTION_DATE='2024-08-15T04:06:26.658756+00:00' AIRFLOW_CTX_TRY_NUMBER='8' AIRFLOW_CTX_DAG_RUN_ID='manual__2024-08-15T04:06:26.658756+00:00'
[2024-08-15T05:49:51.104+0000] {sql_to_gcs.py:161} INFO - Executing query
[2024-08-15T05:49:51.138+0000] {base.py:73} INFO - Using connection ID 'source_postgres_db' for task execution.
[2024-08-15T05:49:51.451+0000] {sql_to_gcs.py:180} INFO - Writing local data files
[2024-08-15T05:50:09.011+0000] {sql_to_gcs.py:186} INFO - Uploading chunk file #0 to GCS.
[2024-08-15T05:50:09.024+0000] {connection.py:232} WARNING - Connection schemes (type: google_cloud_platform) shall not contain '_' according to RFC3986.
[2024-08-15T05:50:09.029+0000] {base.py:73} INFO - Using connection ID 'google_cloud_default' for task execution.
[2024-08-15T05:51:11.639+0000] {gcs.py:564} INFO - File /tmp/tmprcr229d8 uploaded to data/olist_orders_20240815_040626.json in stg-olist-ecommerce-dataset2 bucket
[2024-08-15T05:51:11.640+0000] {sql_to_gcs.py:189} INFO - Removing local file
[2024-08-15T05:51:11.955+0000] {taskinstance.py:1398} INFO - Marking task as SUCCESS. dag_id=postgres_to_bigquery_etl, task_id=process_olist_orders.load_olist_orders_to_gcs, execution_date=20240815T040626, start_date=20240815T054949, end_date=20240815T055111
[2024-08-15T05:51:12.143+0000] {local_task_job_runner.py:228} INFO - Task exited with return code 0
[2024-08-15T05:51:12.212+0000] {taskinstance.py:2776} INFO - 1 downstream tasks scheduled from follow-on schedule check
